UserToken =  4059012e-c903-4239-8fbe-8ef56a7f4fe0 GET /api/ 404 1.370 ms - 143 {} - -
UserToken =  30eb83ae-57ce-44da-b845-36a85a61df3a GET /api/ 404 1.580 ms - 143 {} - -
UserToken =  - GET /api/persons 200 1.606 ms - 223 - - -
UserToken =  - GET /api/persons 200 0.447 ms - 223 - - 62
UserToken =  - POST /api/persons 500 3.310 ms - 1324 - - 62
UserToken =  c0aecbe4-5c7b-4597-bb59-706e38459903 DELETE /api/persons 404 11.550 ms - 153 {"name":"Arto","number":"040-4324234"} - 62
UserToken =  a9676b11-01d6-4342-a5f0-fb2fa78a252d PUT /api/persons 404 0.741 ms - 150 {"name":"Arto","number":"040-4324234"} - 62
UserToken =  - POST /api/persons 500 1.242 ms - 1324 - - 62
UserToken =  - POST /api/persons 500 4.781 ms - 1324 - - 62
UserToken =  - POST /api/persons 500 1.801 ms - 1324 - - 62
UserToken =  - POST /api/persons 500 6.354 ms - 1324 - - 62
UserToken =  - POST /api/persons 500 1.706 ms - 1324 - - 62
UserToken =  - POST /api/persons 200 21.431 ms - 45 {"name":"Arto","number":"040-4324234"} - 62
UserToken =  - POST /api/persons 200 14.886 ms - 45 {"name":"Arto","number":"040-4324234"} - 62
UserToken =  - POST /api/persons 200 14.886 ms - 45 {"name":"Arto","number":"040-4324234"} - 62
UserToken =  fa51fbbe-0a7e-41e7-89ef-2e014bd38cdc DELETE /api/persons 404 1.786 ms - 153 {"name":"Arto","number":"040-4324234"} - 62
UserToken =  fa51fbbe-0a7e-41e7-89ef-2e014bd38cdc DELETE /api/persons 404 1.786 ms - 153 {"name":"Arto","number":"040-4324234"} - 62
UserToken =  - DELETE /api/persons/1 200 0.903 ms - 51 {"name":"Arto","number":"040-4324234"} - 62
UserToken =  - DELETE /api/persons/1 200 0.903 ms - 51 {"name":"Arto","number":"040-4324234"} - 62
UserToken =  - POST /api/persons/ 200 1.961 ms - 45 {"name":"Arto","number":"040-4324234"} - 62
UserToken =  - POST /api/persons/ 200 1.961 ms - 45 {"name":"Arto","number":"040-4324234"} - 62
UserToken =  - POST /api/persons/ 200 18.083 ms - 45 {"name":"Arto","number":"040-4324234"} - 62
UserToken =  - GET /api/persons/ 200 1.175 ms - 223 {"name":"Arto","number":"040-4324234"} - 62
UserToken =  b8c213eb-2b02-4525-bb67-70d38464e32d GET /api/persons/ 200 11.652 ms - 223 {"name":"Arto","number":"040-4324234"} - 62
UserToken =  6e696df4-df06-4388-b168-88b68747a570 GET /api/persons/ 200 12.579 ms - 223 {"name":"Arto","number":"040-4324234"} - 62
UserToken =  c7b08ee4-1c41-4c6e-a54e-0cfda33b03a0 GET /api/persons 304 0.728 ms - - {} - -
UserToken =  1caa91f7-2475-4155-9627-418caf6c931f POST /api/persons 400 5.287 ms - 48 {"name":"Ar","number":"040-123456"} - 43
UserToken =  b600efc1-65dc-4ef6-bedb-0688dce38cc9 GET / 304 3.579 ms - - {} - -
UserToken =  3b8efb87-8b5d-4294-b696-656e961b5782 GET / 304 2.553 ms - - {} - -
UserToken =  ffef6768-96f9-4e4d-9fe6-4908adc2abad GET / 304 0.469 ms - - {} - -
UserToken =  7665a130-655e-47a3-98de-bfc97a6be31a GET / 304 2.290 ms - - {} - -
UserToken =  9cc041d0-0486-4f65-b099-76b15fcd3af0 GET / 200 2.628 ms - 33 {} - -
UserToken =  a3096437-f533-420a-b1a3-9497c7c0b583 GET / 200 2.897 ms - 36 {} - -
UserToken =  c176809d-f85a-4b66-8fd6-8a6531e498d8 GET / 200 2.557 ms - 50 {} - -
UserToken =  113c6e8b-89ae-4dd7-90c5-2d8def6687b6 GET /api/persons 304 1.025 ms - - {} - -
UserToken =  5a213e53-4f35-43e0-9c4c-f0d2265636c6 GET /api/persons 304 0.658 ms - - {} - -
UserToken =  7c067be9-4028-4ae2-ab32-cfdffb8c0503 GET /api/persons 304 0.283 ms - - {} - -
UserToken =  0bdfd0fc-c8c4-480c-a386-a2597cb1f1a9 GET / 304 0.398 ms - - {} - -
UserToken =  0bfa9e85-d339-4e27-a36c-d373a324c326 GET /main.ca497435b45d311cd391.hot-update.json 404 0.952 ms - 180 {} - -
UserToken =  e7132137-a62e-4f53-881f-e4a2a2fb1f99 GET /api/persons 200 0.369 ms - 223 {} - -
UserToken =  39b16894-693c-4913-8740-7a537ba6fb9a GET /api/persons 304 0.839 ms - - {} - -
UserToken =  79d9680e-b2d2-4510-bf52-11cb029234b8 GET /api/persons 304 0.512 ms - - {} - -
UserToken =  907e0630-837d-4002-9b9f-c04e3b0af765 GET /api/persons 200 0.395 ms - 223 {} - -
UserToken =  8d45ff17-bd6e-4dd9-854e-e14048465f39 DELETE /api/persons/1 200 0.855 ms - 51 {} - 0
UserToken =  d5f4673c-1f27-47f9-a627-cf306e3c66cf GET /api/persons 200 0.281 ms - 171 {} - -
UserToken =  1a98372e-7fc1-4f9d-8673-696346877f7c GET /api/persons 304 0.894 ms - - {} - -
UserToken =  ef76c698-cdd5-4b07-b137-23ad89a01925 GET /api/persons 304 0.621 ms - - {} - -
UserToken =  57c5aef7-4795-4c70-8c8c-31d128592c01 GET /api/persons 200 2.018 ms - 223 {} - -
UserToken =  dace5296-d942-45cb-bdff-ee718a214ee7 GET /main.f3aa11316134108dff8f.hot-update.json 404 1.011 ms - 180 {} - -
UserToken =  2bef0eac-fad7-4cf3-b6cd-a8d8dfad034f GET /api/persons 304 0.767 ms - - {} - -
UserToken =  eac239e9-11a4-45b1-9ad9-21355ab035b3 POST /api/persons 400 11.290 ms - 50 {"name":"Osamah","number":"98323"} - 34
UserToken =  90f3adc8-ecfc-4ce3-90cf-960fd88bd336 GET /api/persons 200 0.343 ms - 223 {} - -
UserToken =  05882129-14c0-4f73-bfc5-ee0f493b3738 DELETE /api/persons/2 200 0.596 ms - 55 {} - 0
UserToken =  e43a77b9-f489-48b5-99bd-7bd2e08e6158 GET /api/persons 200 0.369 ms - 167 {} - -
UserToken =  2ec13703-1653-431f-b05f-650a03784439 GET /api/persons 200 0.284 ms - 167 {} - -
UserToken =  0656d467-a45d-4b7f-a80f-179990c96469 GET /api/persons 200 2.346 ms - 223 {} - -
UserToken =  f2aae4f4-b290-415e-83e0-fb0bfc6c71c8 GET /api/persons 304 0.885 ms - - {} - -
UserToken =  05b610dc-ec26-4ee6-882d-42a76eabc717 GET /api/persons 200 3.149 ms - 223 {} - -
UserToken =  6496e251-1fad-48ea-b3d9-2e2b1c547805 GET /api/persons 304 2.323 ms - - {} - -
UserToken =  58728d6f-e081-4714-85a8-d2fc16582ea6 GET / 404 2.307 ms - 139 {} - -
UserToken =  6b899ad6-81de-47a0-b00f-cbc6742baed8 GET / 404 0.779 ms - 139 {} - -
UserToken =  bda331c9-63c3-45c1-869f-f84e572e3605 GET /api/persons 304 1.833 ms - - {} - -
UserToken =  168d2361-a3e5-40f1-88fc-919b39f7b38d GET / 404 0.230 ms - 139 {} - -
UserToken =  18ebe3ce-bb5f-4153-b959-178296dc187b GET / 404 2.422 ms - 139 {} - -
UserToken =  78edc2e0-1590-4d2f-b534-26f48cdaea4e GET / 404 0.735 ms - 139 {} - -
UserToken =  95a0a353-704b-4c19-ade3-7742814f596f GET / 404 0.344 ms - 139 {} - -
UserToken =  6490cdb5-e528-4b16-9458-da012557facb GET / 404 0.341 ms - 139 {} - -
UserToken =  fea52056-4dd6-4e2a-8545-80d501a424bb GET / 404 0.356 ms - 139 {} - -
UserToken =  cc713711-ceeb-47fa-a48a-41f0474561b1 GET / 404 0.354 ms - 139 {} - -
UserToken =  a31a165e-70ee-4ae9-a013-a3cd68105d10 GET / 404 0.353 ms - 139 {} - -
UserToken =  806c4bb8-a2bb-4164-a069-6b154a307cb9 GET / 404 2.696 ms - 139 {} - -
UserToken =  533ad55d-3d09-4a84-b3d3-0c22e23b40df GET / 200 2.971 ms - 38 {} - -
UserToken =  f66a4b9f-dd4c-4169-ae3d-fd985c5704ad GET / 200 2.873 ms - 50 {} - -
UserToken =  ada68a6d-d1f7-428e-be97-bb8637bab119 GET /api/persons 200 2.880 ms - 223 {} - -
UserToken =  e5ad03e4-8ac8-4f24-8c5b-5ba18e876d1a GET / 304 2.728 ms - - {} - -
UserToken =  87296c72-d977-4699-a3cb-ab8de3507d93 GET / 304 0.738 ms - - {} - -
UserToken =  f78401b5-b575-4213-89bb-8f2c86ade0d9 GET / 304 0.492 ms - - {} - -
UserToken =  10187575-687e-49cb-922a-3d7a16d3b31e GET / 304 0.318 ms - - {} - -
UserToken =  bed65393-1b2f-49f7-885c-28f41a2cdee8 GET /info 404 1.135 ms - 143 {} - -
UserToken =  e1464ace-6e88-4c44-acad-06b653502d14 GET /info 404 0.413 ms - 143 {} - -
UserToken =  3fbb4a55-8b96-44cc-87b6-e8add3b90a15 GET /api/persons 304 0.546 ms - - {} - -
UserToken =  5b2420ec-67b0-42d1-8417-764acd25ada1 GET /info 404 0.380 ms - 143 {} - -
UserToken =  19c4ac16-d753-4775-9abf-a88bf64cd7d6 GET /api/info 200 0.862 ms - 105 {} - -
UserToken =  69ec84f1-3921-4ba5-b4e4-ab66686fdb90 GET /api/persons 304 2.635 ms - - {} - -
UserToken =  68311a30-d636-49d5-a4f7-e78b22435afe GET / 304 2.908 ms - - {} - -
UserToken =  1ef8b33f-967b-44e9-9ac7-0d2472cd49fe GET /api/persons 200 2.807 ms - 223 {} - -
UserToken =  8ec78658-22a3-443c-8748-421c75e3662d GET / 304 2.759 ms - - {} - -
UserToken =  ecaebcae-5829-4cf6-b14f-3643fbf77dfb GET / 304 0.605 ms - - {} - -
UserToken =  4bb7c7c3-2c59-4d86-9876-ab66a94ba21e GET / 200 4.358 ms - 644 {} - -
UserToken =  5d7c99c5-f6b2-4dec-8a9f-1807fc30fd8d GET /static/css/main.691b07de.css 200 1.556 ms - 167 {} - -
UserToken =  95e44235-c447-41c8-8398-2394d555e260 GET /static/js/main.ec122ef5.js 200 1.890 ms - 368149 {} - -
UserToken =  d2e454a1-a2f2-4db0-808c-899f1a4ef0a5 GET /api/persons 304 2.233 ms - - {} - -
UserToken =  eadd27ab-0bd2-4cff-a589-e9d21a198bac GET /manifest.json 200 1.287 ms - 492 {} - -
UserToken =  76b5c222-9be6-4fcf-a5f4-9d4e0ee2c942 GET /logo192.png 200 1.099 ms - 5347 {} - -
