UserToken =  4059012e-c903-4239-8fbe-8ef56a7f4fe0 GET /api/ 404 1.370 ms - 143 {} - -
UserToken =  30eb83ae-57ce-44da-b845-36a85a61df3a GET /api/ 404 1.580 ms - 143 {} - -
UserToken =  - GET /api/persons 200 1.606 ms - 223 - - -
UserToken =  - GET /api/persons 200 0.447 ms - 223 - - 62
UserToken =  - POST /api/persons 500 3.310 ms - 1324 - - 62
UserToken =  c0aecbe4-5c7b-4597-bb59-706e38459903 DELETE /api/persons 404 11.550 ms - 153 {"name":"Arto","number":"040-4324234"} - 62
UserToken =  a9676b11-01d6-4342-a5f0-fb2fa78a252d PUT /api/persons 404 0.741 ms - 150 {"name":"Arto","number":"040-4324234"} - 62
UserToken =  - POST /api/persons 500 1.242 ms - 1324 - - 62
UserToken =  - POST /api/persons 500 4.781 ms - 1324 - - 62
UserToken =  - POST /api/persons 500 1.801 ms - 1324 - - 62
UserToken =  - POST /api/persons 500 6.354 ms - 1324 - - 62
UserToken =  - POST /api/persons 500 1.706 ms - 1324 - - 62
UserToken =  - POST /api/persons 200 21.431 ms - 45 {"name":"Arto","number":"040-4324234"} - 62
UserToken =  - POST /api/persons 200 14.886 ms - 45 {"name":"Arto","number":"040-4324234"} - 62
UserToken =  - POST /api/persons 200 14.886 ms - 45 {"name":"Arto","number":"040-4324234"} - 62
UserToken =  fa51fbbe-0a7e-41e7-89ef-2e014bd38cdc DELETE /api/persons 404 1.786 ms - 153 {"name":"Arto","number":"040-4324234"} - 62
UserToken =  fa51fbbe-0a7e-41e7-89ef-2e014bd38cdc DELETE /api/persons 404 1.786 ms - 153 {"name":"Arto","number":"040-4324234"} - 62
UserToken =  - DELETE /api/persons/1 200 0.903 ms - 51 {"name":"Arto","number":"040-4324234"} - 62
UserToken =  - DELETE /api/persons/1 200 0.903 ms - 51 {"name":"Arto","number":"040-4324234"} - 62
UserToken =  - POST /api/persons/ 200 1.961 ms - 45 {"name":"Arto","number":"040-4324234"} - 62
UserToken =  - POST /api/persons/ 200 1.961 ms - 45 {"name":"Arto","number":"040-4324234"} - 62
UserToken =  - POST /api/persons/ 200 18.083 ms - 45 {"name":"Arto","number":"040-4324234"} - 62
UserToken =  - GET /api/persons/ 200 1.175 ms - 223 {"name":"Arto","number":"040-4324234"} - 62
UserToken =  b8c213eb-2b02-4525-bb67-70d38464e32d GET /api/persons/ 200 11.652 ms - 223 {"name":"Arto","number":"040-4324234"} - 62
UserToken =  6e696df4-df06-4388-b168-88b68747a570 GET /api/persons/ 200 12.579 ms - 223 {"name":"Arto","number":"040-4324234"} - 62
UserToken =  c7b08ee4-1c41-4c6e-a54e-0cfda33b03a0 GET /api/persons 304 0.728 ms - - {} - -
UserToken =  1caa91f7-2475-4155-9627-418caf6c931f POST /api/persons 400 5.287 ms - 48 {"name":"Ar","number":"040-123456"} - 43
UserToken =  b600efc1-65dc-4ef6-bedb-0688dce38cc9 GET / 304 3.579 ms - - {} - -
UserToken =  3b8efb87-8b5d-4294-b696-656e961b5782 GET / 304 2.553 ms - - {} - -
UserToken =  ffef6768-96f9-4e4d-9fe6-4908adc2abad GET / 304 0.469 ms - - {} - -
UserToken =  7665a130-655e-47a3-98de-bfc97a6be31a GET / 304 2.290 ms - - {} - -
UserToken =  9cc041d0-0486-4f65-b099-76b15fcd3af0 GET / 200 2.628 ms - 33 {} - -
UserToken =  a3096437-f533-420a-b1a3-9497c7c0b583 GET / 200 2.897 ms - 36 {} - -
UserToken =  c176809d-f85a-4b66-8fd6-8a6531e498d8 GET / 200 2.557 ms - 50 {} - -
UserToken =  113c6e8b-89ae-4dd7-90c5-2d8def6687b6 GET /api/persons 304 1.025 ms - - {} - -
UserToken =  5a213e53-4f35-43e0-9c4c-f0d2265636c6 GET /api/persons 304 0.658 ms - - {} - -
UserToken =  7c067be9-4028-4ae2-ab32-cfdffb8c0503 GET /api/persons 304 0.283 ms - - {} - -
UserToken =  0bdfd0fc-c8c4-480c-a386-a2597cb1f1a9 GET / 304 0.398 ms - - {} - -
UserToken =  0bfa9e85-d339-4e27-a36c-d373a324c326 GET /main.ca497435b45d311cd391.hot-update.json 404 0.952 ms - 180 {} - -
UserToken =  e7132137-a62e-4f53-881f-e4a2a2fb1f99 GET /api/persons 200 0.369 ms - 223 {} - -
UserToken =  39b16894-693c-4913-8740-7a537ba6fb9a GET /api/persons 304 0.839 ms - - {} - -
UserToken =  79d9680e-b2d2-4510-bf52-11cb029234b8 GET /api/persons 304 0.512 ms - - {} - -
UserToken =  907e0630-837d-4002-9b9f-c04e3b0af765 GET /api/persons 200 0.395 ms - 223 {} - -
UserToken =  8d45ff17-bd6e-4dd9-854e-e14048465f39 DELETE /api/persons/1 200 0.855 ms - 51 {} - 0
UserToken =  d5f4673c-1f27-47f9-a627-cf306e3c66cf GET /api/persons 200 0.281 ms - 171 {} - -
UserToken =  1a98372e-7fc1-4f9d-8673-696346877f7c GET /api/persons 304 0.894 ms - - {} - -
UserToken =  ef76c698-cdd5-4b07-b137-23ad89a01925 GET /api/persons 304 0.621 ms - - {} - -
UserToken =  57c5aef7-4795-4c70-8c8c-31d128592c01 GET /api/persons 200 2.018 ms - 223 {} - -
UserToken =  dace5296-d942-45cb-bdff-ee718a214ee7 GET /main.f3aa11316134108dff8f.hot-update.json 404 1.011 ms - 180 {} - -
UserToken =  2bef0eac-fad7-4cf3-b6cd-a8d8dfad034f GET /api/persons 304 0.767 ms - - {} - -
UserToken =  eac239e9-11a4-45b1-9ad9-21355ab035b3 POST /api/persons 400 11.290 ms - 50 {"name":"Osamah","number":"98323"} - 34
UserToken =  90f3adc8-ecfc-4ce3-90cf-960fd88bd336 GET /api/persons 200 0.343 ms - 223 {} - -
UserToken =  05882129-14c0-4f73-bfc5-ee0f493b3738 DELETE /api/persons/2 200 0.596 ms - 55 {} - 0
UserToken =  e43a77b9-f489-48b5-99bd-7bd2e08e6158 GET /api/persons 200 0.369 ms - 167 {} - -
UserToken =  2ec13703-1653-431f-b05f-650a03784439 GET /api/persons 200 0.284 ms - 167 {} - -
UserToken =  0656d467-a45d-4b7f-a80f-179990c96469 GET /api/persons 200 2.346 ms - 223 {} - -
UserToken =  f2aae4f4-b290-415e-83e0-fb0bfc6c71c8 GET /api/persons 304 0.885 ms - - {} - -
UserToken =  05b610dc-ec26-4ee6-882d-42a76eabc717 GET /api/persons 200 3.149 ms - 223 {} - -
UserToken =  6496e251-1fad-48ea-b3d9-2e2b1c547805 GET /api/persons 304 2.323 ms - - {} - -
UserToken =  58728d6f-e081-4714-85a8-d2fc16582ea6 GET / 404 2.307 ms - 139 {} - -
UserToken =  6b899ad6-81de-47a0-b00f-cbc6742baed8 GET / 404 0.779 ms - 139 {} - -
UserToken =  bda331c9-63c3-45c1-869f-f84e572e3605 GET /api/persons 304 1.833 ms - - {} - -
UserToken =  168d2361-a3e5-40f1-88fc-919b39f7b38d GET / 404 0.230 ms - 139 {} - -
UserToken =  18ebe3ce-bb5f-4153-b959-178296dc187b GET / 404 2.422 ms - 139 {} - -
UserToken =  78edc2e0-1590-4d2f-b534-26f48cdaea4e GET / 404 0.735 ms - 139 {} - -
UserToken =  95a0a353-704b-4c19-ade3-7742814f596f GET / 404 0.344 ms - 139 {} - -
UserToken =  6490cdb5-e528-4b16-9458-da012557facb GET / 404 0.341 ms - 139 {} - -
UserToken =  fea52056-4dd6-4e2a-8545-80d501a424bb GET / 404 0.356 ms - 139 {} - -
UserToken =  cc713711-ceeb-47fa-a48a-41f0474561b1 GET / 404 0.354 ms - 139 {} - -
UserToken =  a31a165e-70ee-4ae9-a013-a3cd68105d10 GET / 404 0.353 ms - 139 {} - -
UserToken =  806c4bb8-a2bb-4164-a069-6b154a307cb9 GET / 404 2.696 ms - 139 {} - -
UserToken =  533ad55d-3d09-4a84-b3d3-0c22e23b40df GET / 200 2.971 ms - 38 {} - -
UserToken =  f66a4b9f-dd4c-4169-ae3d-fd985c5704ad GET / 200 2.873 ms - 50 {} - -
UserToken =  ada68a6d-d1f7-428e-be97-bb8637bab119 GET /api/persons 200 2.880 ms - 223 {} - -
UserToken =  e5ad03e4-8ac8-4f24-8c5b-5ba18e876d1a GET / 304 2.728 ms - - {} - -
UserToken =  87296c72-d977-4699-a3cb-ab8de3507d93 GET / 304 0.738 ms - - {} - -
UserToken =  f78401b5-b575-4213-89bb-8f2c86ade0d9 GET / 304 0.492 ms - - {} - -
UserToken =  10187575-687e-49cb-922a-3d7a16d3b31e GET / 304 0.318 ms - - {} - -
UserToken =  bed65393-1b2f-49f7-885c-28f41a2cdee8 GET /info 404 1.135 ms - 143 {} - -
UserToken =  e1464ace-6e88-4c44-acad-06b653502d14 GET /info 404 0.413 ms - 143 {} - -
UserToken =  3fbb4a55-8b96-44cc-87b6-e8add3b90a15 GET /api/persons 304 0.546 ms - - {} - -
UserToken =  5b2420ec-67b0-42d1-8417-764acd25ada1 GET /info 404 0.380 ms - 143 {} - -
UserToken =  19c4ac16-d753-4775-9abf-a88bf64cd7d6 GET /api/info 200 0.862 ms - 105 {} - -
UserToken =  69ec84f1-3921-4ba5-b4e4-ab66686fdb90 GET /api/persons 304 2.635 ms - - {} - -
UserToken =  68311a30-d636-49d5-a4f7-e78b22435afe GET / 304 2.908 ms - - {} - -
UserToken =  1ef8b33f-967b-44e9-9ac7-0d2472cd49fe GET /api/persons 200 2.807 ms - 223 {} - -
UserToken =  8ec78658-22a3-443c-8748-421c75e3662d GET / 304 2.759 ms - - {} - -
UserToken =  ecaebcae-5829-4cf6-b14f-3643fbf77dfb GET / 304 0.605 ms - - {} - -
UserToken =  4bb7c7c3-2c59-4d86-9876-ab66a94ba21e GET / 200 4.358 ms - 644 {} - -
UserToken =  5d7c99c5-f6b2-4dec-8a9f-1807fc30fd8d GET /static/css/main.691b07de.css 200 1.556 ms - 167 {} - -
UserToken =  95e44235-c447-41c8-8398-2394d555e260 GET /static/js/main.ec122ef5.js 200 1.890 ms - 368149 {} - -
UserToken =  d2e454a1-a2f2-4db0-808c-899f1a4ef0a5 GET /api/persons 304 2.233 ms - - {} - -
UserToken =  eadd27ab-0bd2-4cff-a589-e9d21a198bac GET /manifest.json 200 1.287 ms - 492 {} - -
UserToken =  76b5c222-9be6-4fcf-a5f4-9d4e0ee2c942 GET /logo192.png 200 1.099 ms - 5347 {} - -
UserToken =  b35ca661-7ca6-41d0-a210-d364c183a551 GET / 304 3.518 ms - - {} - -
UserToken =  9357f301-6365-4c98-bb47-6e162af9e2e5 GET /static/css/main.691b07de.css 200 2.348 ms - 167 {} - -
UserToken =  efe57a2d-bf45-4657-b505-37346c4fc8c3 GET /static/js/main.ec122ef5.js 200 5.090 ms - 368149 {} - -
UserToken =  47f9503b-6d87-425d-9091-efa3b43d9a50 GET /api/persons 304 1.950 ms - - {} - -
UserToken =  223432c6-a309-4733-adc7-cc3a27b52bce GET /manifest.json 200 1.201 ms - 492 {} - -
UserToken =  f57bf0a0-5ff5-4d0f-b6cc-4d135b6595c6 GET /logo192.png 200 1.634 ms - 5347 {} - -
UserToken =  8f30c3a2-1a27-4239-8cfc-150cdb7077af DELETE /api/persons/2 200 3.088 ms - 55 {} - -
UserToken =  28afb23b-1d57-43b3-ac73-5aae456e31f2 GET /api/persons 200 0.902 ms - 167 {} - -
UserToken =  1edf891b-6f6a-493c-ab7a-a4e3ac2ee32f GET /api/persons 200 2.642 ms - 223 {} - -
UserToken =  2bd8bd62-ab6e-40b5-beb4-462b520c3fad GET / 304 2.847 ms - - {} - -
UserToken =  ad550a69-bbfd-4cd7-9013-f03f8745948b GET /static/js/main.ec122ef5.js 304 1.010 ms - - {} - -
UserToken =  a827b831-5863-46e7-aacf-ad32d3ad275e GET /static/css/main.691b07de.css 304 0.622 ms - - {} - -
UserToken =  b09c790d-163f-47c1-b94f-31fe36bcf9b8 GET /api/persons 500 2.876 ms - 1520 {} - -
UserToken =  b34df339-d4f0-4dbf-a519-75bbfc57d269 GET /manifest.json 304 0.475 ms - - {} - -
UserToken =  b26e596d-6c7c-40d6-8526-edc834d79fbb GET /logo192.png 304 0.522 ms - - {} - -
UserToken =  41926111-a136-4290-944b-1142e47de8ce GET /api/persons 500 0.441 ms - 1520 {} - -
UserToken =  6c93c669-ade9-4726-aac7-3ab9a5d695c4 GET /api/persons 200 51.765 ms - 1732 {} - -
UserToken =  40c1a620-fd4b-494d-8c7e-2669eee6e029 GET /api/persons 200 46.076 ms - 1516 {} - -
UserToken =  8edcfb65-66b9-45b4-90d4-2011eb8c48d7 GET /api/persons 304 1340.899 ms - - {} - -
UserToken =  7b02ba0c-65be-45c5-b207-a9e09e4aeaa8 GET /api/persons 304 45.733 ms - - {} - -
UserToken =  426efee7-b521-4add-9f69-1309a12bb035 GET /api/persons 304 42.537 ms - - {} - -
UserToken =  795f3f56-1f91-459a-b8b5-af8d17871297 GET /api/persons 304 46.951 ms - - {} - -
UserToken =  a65093d4-5751-417e-adc0-953a58798917 GET /api/persons 304 36.091 ms - - {} - -
UserToken =  d87bdea6-b0c1-45c5-920c-aaae153efc8e GET /api/persons 304 404.415 ms - - {} - -
UserToken =  f33bc165-4bec-44f0-bbc2-0cda7ed685cb POST /api/persons 400 17.604 ms - 27 {"name":"Ar","number":"040-123456"} - 40
UserToken =  e92185dc-1cde-4463-9638-3d3111136a5e POST /api/persons 400 0.889 ms - 27 {"name":"Ar","number":3213123123} - 38
UserToken =  6c0f9103-176b-42be-a9eb-83a5159799d1 POST /api/persons 400 0.680 ms - 27 {"name":"Areewqrwer","number":3213123123} - 46
UserToken =  5923323e-5e68-4cef-b947-3534abd2b9aa POST /api/persons 500 15.533 ms - 1477 {"name":"Areewqrwer","number":3213123123} - 46
UserToken =  7f1dcc9f-c70e-41d1-b125-37435456bfc6 POST /api/persons 500 12.646 ms - 1477 {"name":"Areewqrwer","number":3213123123} - 46
UserToken =  5b82281c-4241-4c15-bf14-685498200f19 POST /api/persons 500 1.273 ms - 1477 {"name":"Areewqrwer","number":3213123123} - 46
UserToken =  73886af0-cc48-48a3-9523-5092141ecd8b POST /api/persons 500 1.442 ms - 1477 {"name":"Areewqrwer","number":3213123123} - 46
UserToken =  deeb667d-d121-4e3f-82ff-0050b1330fbe POST /api/persons 500 1.155 ms - 1477 {"name":"Areewqrwer","number":3213123123} - 46
UserToken =  46474e9e-f66b-4e2f-b3df-7b83ee6da61f POST /api/persons 500 0.656 ms - 1477 {"name":"Areewqrwer","number":3213123123} - 46
UserToken =  50fdc84e-92f5-43f8-a9ef-e9e0c6ec9640 POST /api/persons 500 0.713 ms - 1477 {"name":"Areewqrwer","number":3213123123} - 46
UserToken =  905277a0-c3c9-448f-88f8-d13cb5258c41 POST /api/persons 500 14.062 ms - 1477 {"name":"Areewqrwer","number":3213123123} - 46
UserToken =  e8ff5603-6f1c-4ad6-b39e-7a10145cb5f3 POST /api/persons 500 13.268 ms - 1477 {"name":"Areewqrwer","number":3213123123} - 46
UserToken =  a8064b7a-e441-4537-aade-1c0b6165bbe1 POST /api/persons 400 11.348 ms - 27 {"name":"Areewqrwer","number":3213123123} - 46
UserToken =  337ce116-fcec-4e5b-a8ba-12cd75f9f8e8 POST /api/persons 400 1.035 ms - 27 {"name":"Areewqrwer","number":3213123123} - 46
UserToken =  5f889a3e-61cb-4518-8d7b-191524030fb2 POST /api/persons 200 58.524 ms - 73 {"name":"Areewqrwer","number":3213123123} - 46
UserToken =  18dfd676-b159-4e2e-aea5-8bc6569431e5 POST /api/persons 200 57.182 ms - 73 {"name":"Areewqrwer","number":3213123123} - 46
UserToken =  2b486e4f-744a-480a-a04c-2378fa900f95 GET /api/persons 200 85.925 ms - 1738 {} - -
UserToken =  1fb3cf7e-98f9-4f62-af3a-a86006bfc11f GET /api/persons 304 42.402 ms - - {} - -
UserToken =  fff99c6e-9163-408a-bcd0-b038f6e5cc32 GET /api/info 500 3.073 ms - 1499 {} - -
UserToken =  6a2d7aac-4b05-4c45-8866-683ad3aa186a GET /api/info 500 3.164 ms - 1499 {} - -
UserToken =  f5413af4-316d-479e-b06f-107a7dc88683 GET /api/info 500 0.951 ms - 1499 {} - -
UserToken =  db9630b0-e391-49dc-b2c1-c113a141b7ff GET /api/info 200 4.085 ms - 106 {} - -
UserToken =  04d34d49-d491-4f8f-9387-d8d9e7ee24b4 GET /api/persons 304 50.634 ms - - {} - -
UserToken =  a62d85b1-87b7-430a-9419-0816bc0d08d7 GET /api/persons/id 500 3.739 ms - 1797 {} - -
UserToken =  2331d8f3-115f-4570-be11-797c7fb76b6d GET /api/persons/ 200 39.898 ms - 1738 {} - -
UserToken =  e30ee793-0ccd-4f92-8cd6-7966f8aa4588 GET /api/persons/1 500 3.144 ms - 1797 {} - -
UserToken =  34d14ecd-6829-444e-874d-0ec5a8c64cf9 GET /api/persons/1 500 7.720 ms - 1797 {} - -
UserToken =  8e4b6d54-89da-4c26-ac5b-d0faf4581566 GET /api/persons/ 304 54.870 ms - - {} - -
UserToken =  3732e275-f32d-4c6b-bbe9-1712341f30e8 GET /api/persons/ 304 30.553 ms - - {} - -
UserToken =  ffdd0798-3a57-448c-b80e-bd5398ffe680 GET /api/persons/1 500 2.963 ms - 1797 {} - -
UserToken =  8b933e7d-af22-4261-9199-cc65c98b75bc GET /api/persons/ 304 202.019 ms - - {} - -
UserToken =  279eba51-4f75-4b75-82eb-69298017d58c GET /api/persons/ 304 32.383 ms - - {} - -
UserToken =  8db9f140-621d-4ac2-8712-ca6113144447 GET /api/persons/61fac67ce114fa2c73be1e3a 500 3.286 ms - 1797 {} - -
UserToken =  09a6c6ad-51e9-4752-86cc-fd86dde63208 GET / 304 3.091 ms - - {} - -
UserToken =  b8afffc1-f0f4-463d-85f7-6794746a887b GET /static/js/main.ec122ef5.js 304 1.243 ms - - {} - -
UserToken =  d7b415d0-9f81-4470-ba09-4369ceb26606 GET /static/css/main.691b07de.css 304 0.751 ms - - {} - -
UserToken =  f0fdcadf-8236-4306-b6f5-762ff3e3aaa6 GET /manifest.json 304 0.832 ms - - {} - -
UserToken =  1f4654df-1718-44b4-a404-3a1abdf8c0d5 GET /logo192.png 304 0.527 ms - - {} - -
UserToken =  b01ad919-0874-45fc-b687-4da9b06f89bd GET /api/persons 304 67.777 ms - - {} - -
UserToken =  44c7fd36-9c36-475e-b72c-fe2b24759f44 GET /api/persons 304 36.026 ms - - {} - -
UserToken =  c388ea4e-904e-4f1c-8679-b295b910d729 GET /api/persons 304 43.937 ms - - {} - -
UserToken =  74a169a9-2931-4290-b711-44c222ed3b2b GET /api/persons 304 42.618 ms - - {} - -
UserToken =  a02f45ca-fd7a-40ad-b715-d9248d942ab9 GET /api/persons 304 46.828 ms - - {} - -
UserToken =  e696003d-5566-46f0-9c3e-2a341b7d33bf GET /api/persons 200 2.610 ms - 2 {} - -
UserToken =  6f726dfe-9219-4615-9fcd-109e90c1e30f GET /api/persons 304 0.751 ms - - {} - -
UserToken =  5badcd24-3d33-4846-a1ef-23195c6e45a7 GET /api/persons 304 0.387 ms - - {} - -
UserToken =  ec9a9371-fdad-4fa4-8960-febe71aa0427 GET /api/persons 304 0.392 ms - - {} - -
UserToken =  6daa85b8-24f4-4753-8305-7e8843896828 GET /api/persons 304 2.673 ms - - {} - -
UserToken =  5eca37a0-72ed-44f2-8325-e6119b2605b5 GET /api/persons 304 0.725 ms - - {} - -
UserToken =  9fb9412a-9ef8-435c-b1f5-1845ca040c3c GET /api/persons 304 0.353 ms - - {} - -
UserToken =  debbda8d-cab1-487c-bb06-41bb1dc08b46 GET /api/persons 200 1.972 ms - - {} - -
UserToken =  d0ef82de-2aaa-4e05-bafc-7db9a93bdb68 GET /api/persons 200 0.772 ms - - {} - -
UserToken =  acd31e79-1a29-4c14-a376-69a2885a65b9 GET /api/persons 200 0.207 ms - - {} - -
UserToken =  b640f80c-3c3d-4fee-9a66-9bcfb0afb010 GET /api/persons 200 0.350 ms - - {} - -
UserToken =  f6b6318c-bade-404e-b2ac-a5e078a71e29 GET /api/persons 200 2.801 ms - 2 {} - -
UserToken =  de0e4b3a-7f1c-4329-9522-b57f02cdc880 GET /api/persons 304 2.451 ms - - {} - -
UserToken =  da05b829-deb3-4ec4-92a7-7b059d26e9f0 GET /api/persons 304 2.781 ms - - {} - -
UserToken =  7b6869db-2475-442a-b068-e73de9947977 GET /api/persons 200 35.200 ms - 1738 {} - -
UserToken =  f53d54d1-9807-49e2-9d52-c5f30107f8f6 GET /api/persons 200 4.093 ms - 2 {} - -
UserToken =  09f5a770-7dd7-465e-8423-7810e5ed5a12 GET /api/persons 304 0.944 ms - - {} - -
UserToken =  b6549031-0fe8-4037-b1fc-e1853e130dc7 GET /api/persons 304 0.469 ms - - {} - -
UserToken =  56b6a07a-570c-441d-a869-3c430f4f1125 GET /api/persons 304 0.455 ms - - {} - -
UserToken =  fb992a04-3c93-41cf-94ca-fde66250f91b GET /api/persons 304 0.495 ms - - {} - -
UserToken =  ae3c707a-7c59-47b2-85e2-e1bb27d2fcad GET /api/persons 304 0.689 ms - - {} - -
UserToken =  c7639ecb-96d2-496b-b088-a9e728552d9d GET /api/persons 200 46.941 ms - 1738 {} - -
UserToken =  270dd8a8-da77-493a-b77e-ad7c694cdbfe GET /api/persons 304 43.160 ms - - {} - -
UserToken =  72c76ac4-377c-4928-a8f2-2f80eda29d5e POST /api/persons 404 13.680 ms - 151 {"name":"Ali","number":3213123123} - 39
UserToken =  5958b293-5f54-4c54-956b-27e50f8ee2e8 POST /api/persons 404 14.092 ms - 151 {"name":"Ali","number":3213123123} - 39
UserToken =  f38fc83c-d98d-4016-b7ce-f73c87b17683 POST /api/persons 404 1.263 ms - 151 {"name":"Ali","number":3213123123} - 39
UserToken =  ccdf3a7b-f1f7-43e1-b739-3926088ee17c GET /api/persons 304 44.689 ms - - {} - -
UserToken =  d8e653eb-8148-49ed-8a92-67481c5bc227 POST /api/persons 200 51.564 ms - 66 {"name":"Ali","number":3213123123} - 39
UserToken =  fece3370-2251-4d26-a5bf-53b35d6f2806 GET /api/persons 200 40.913 ms - 1805 {} - -
UserToken =  8d9c7596-4a2f-4908-bc5d-284f351faca4 POST /api/persons 200 38.572 ms - 63 {"name":"","number":3213123123} - 36
UserToken =  9dc18adb-548e-4af2-bda4-5b068cc7c6f0 POST /api/persons 500 14.484 ms - 1477 {"name":"","number":3213123123} - 36
UserToken =  4d4b2025-1eed-4d48-b2f2-32e048a56752 POST /api/persons 500 1.140 ms - 1477 {"name":"","number":3213123123} - 36
UserToken =  a8cffe36-3531-4aeb-8664-795d19476f57 POST /api/persons 500 0.974 ms - 1477 {"name":"dsd","number":3213123123} - 39
UserToken =  169865cf-a156-495f-8b1e-76efcda9b967 POST /api/persons 500 0.823 ms - 1477 {"name":"dsdsdd","number":3213123123} - 42
UserToken =  14423349-4946-4928-88ae-82479b39cd6a POST /api/persons 500 0.748 ms - 1477 {"name":"dsdsdd","number":3213123123} - 42
UserToken =  9226a638-7f25-44ba-b327-44fd834008bb POST /api/persons 200 59.588 ms - 69 {"name":"dsdsdd","number":3213123123} - 42
UserToken =  260e9879-6633-40fb-942d-f9cf4cb3b3b8 POST /api/persons 200 60.153 ms - 69 {"name":"dsdsdd","number":3213123123} - 42
UserToken =  7d9884bf-8123-463e-83e2-abf47967bbb7 POST /api/persons 500 13.302 ms - 1477 {"name":"dsdsdd","number":3213123123} - 42
UserToken =  6377a44d-ba26-423d-a51a-d69ef2ee8bed POST /api/persons 500 12.527 ms - 1490 {"name":"dsdsdd","number":3213123123} - 42
UserToken =  02f7fe1c-0485-4c72-9170-25657735fcdf POST /api/persons 200 57.091 ms - 69 {"name":"dsdsdd","number":3213123123} - 42
UserToken =  847312bc-8317-40bf-9da9-54436299aa94 POST /api/persons 200 37.783 ms - 66 {"name":"dsd","number":3213123123} - 39
UserToken =  7b787dee-a2bb-4525-9fe7-8dde200d40cd POST /api/persons 200 32.336 ms - 65 {"name":"ds","number":3213123123} - 38
UserToken =  78c499b0-ee38-41a5-8c8f-27b20e94a21f POST /api/persons 200 39.083 ms - 64 {"name":"s","number":3213123123} - 37
UserToken =  b42a91ae-c2b9-44df-81c5-2b17a2355986 POST /api/persons 200 41.551 ms - 63 {"name":"","number":3213123123} - 36
UserToken =  05228383-930b-4ad1-b1d1-dd1cf9bde54d POST /api/persons 500 16.832 ms - 1543 {"name":"","number":3213123123} - 36
UserToken =  6c8cadb6-874f-41a8-a301-82671058c118 POST /api/persons 500 2.793 ms - 1543 {"name":"ds","number":3213123123} - 38
UserToken =  451e5c0c-4840-4d7c-978e-677b7c443f7f POST /api/persons 500 1.399 ms - 1543 {"name":"ddsdsdds","number":3213123123} - 44
UserToken =  65157c1c-b44d-488f-8384-7e7c82bb2ac7 POST /api/persons 200 391.881 ms - 71 {"name":"ddsdsdds","number":3213123123} - 44
UserToken =  9d28d688-029f-4b30-a152-25fcf7a0b448 POST /api/persons 200 37.068 ms - 71 {"name":"ddsdsdds","number":3213123123} - 44
UserToken =  6b4ef374-81d6-4cc4-a631-738650b67e2d POST /api/persons 200 30.446 ms - 66 {"name":"eee","number":3213123123} - 39
UserToken =  806fbbbb-a2c6-4462-a6c8-ec44072d9c00 POST /api/persons 200 39.923 ms - 68 {"name":"eee","number":123123123123} - 41
UserToken =  4d91b689-885d-465c-a92c-123545171981 POST /api/persons 200 57.352 ms - 68 {"name":"eee","number":123123123123} - 41
UserToken =  81ee15a8-6287-47d2-b68e-e8863b708ede POST /api/persons 200 40.091 ms - 67 {"name":"ee","number":123123123123} - 40
UserToken =  d8e6c45e-42fc-4d64-afc6-07b97573040f POST /api/persons 200 42.523 ms - 55 {"number":123123123123} - 27
UserToken =  810e7ece-790d-4887-af38-64e08e23e62b POST /api/persons 200 40.159 ms - 55 {"number":123123123123} - 26
UserToken =  8646e208-2608-4704-b8eb-d04df13d7a9a POST /api/persons 200 36.870 ms - 33 {} - 4
UserToken =  8f308d85-287f-423c-b135-4498dbc3c405 POST /api/persons 200 52.930 ms - 66 {"name":"eee","number":3213123123} - 39
UserToken =  4056f785-bb9e-4840-8ebb-aa41aef2c081 POST /api/persons 200 55.345 ms - 66 {"name":"eee","number":3213123123} - 39
UserToken =  aee07818-507a-49bf-862c-4bb2910e261e POST /api/persons 200 38.667 ms - 65 {"name":"ee","number":3213123123} - 38
UserToken =  34351fa3-8d06-4f6f-abe9-2c2b25378ac2 POST /api/persons 500 15.024 ms - 1498 {"name":"ee","number":3213123123} - 38
UserToken =  5baa73db-313a-4bbc-b4d9-67c5c38a1618 POST /api/persons 200 58.621 ms - 65 {"name":"ee","number":3213123123} - 38
UserToken =  ba6a4d5f-a149-4b8b-9db4-de19645d7cba POST /api/persons 200 56.807 ms - 65 {"name":"ee","number":3213123123} - 38
UserToken =  de768617-ea40-40b5-a1a1-2883670cf2ca POST /api/persons 200 57.593 ms - 65 {"name":"ee","number":3213123123} - 38
UserToken =  614b928d-2d23-4149-b96f-9bc42c9e358b POST /api/persons 200 37.432 ms - 65 {"name":"ee","number":3213123123} - 38
UserToken =  3b49c635-e39f-4db2-aec0-b08afe5b4df1 POST /api/persons - - ms - - {"name":"ee","number":3213123123} - 38
UserToken =  1cf92be4-725b-4ee3-a9d3-149c6e56734b GET /api/persons 200 45.526 ms - 3368 {} - -
UserToken =  96fa843f-f204-4e7b-81e9-d40a53cfdf66 GET /api/persons 304 31.267 ms - - {} - -
UserToken =  1ade1400-2952-4ebd-a82e-f68f7618607f POST /api/persons - - ms - - {"name":"ee","number":3213123123} - 38
UserToken =  ee28352a-0f88-4836-a549-61be8de84371 POST /api/persons 200 59.562 ms - 65 {"name":"ee","number":3213123123} - 38
UserToken =  eed463b8-1d8f-4801-b02a-368acea5a679 POST /api/persons - - ms - - {"name":"ee","number":3213123123} - 38
UserToken =  e10dd292-1298-409d-a168-2854ca74f8e0 POST /api/persons - - ms - - {"name":"eed","number":3213123123} - 39
UserToken =  ea77caf3-2924-4d3b-8919-6c0806ff3ec2 POST /api/persons 200 313.516 ms - 66 {"name":"eed","number":3213123123} - 39
UserToken =  19c12584-7ca0-4aae-8b31-95a1fde4ee61 POST /api/persons 200 35.849 ms - 66 {"name":"eed","number":3213123123} - 39
UserToken =  968a7d95-b3a8-43ee-bed3-decdd2ca8ffb POST /api/persons 200 60.484 ms - 66 {"name":"eed","number":3213123123} - 39
UserToken =  64290d1e-555b-4415-9600-a9651b9eac69 POST /api/persons 200 33.572 ms - 66 {"name":"eed","number":3213123123} - 39
UserToken =  ad7dcde7-e4bf-4046-b27e-65f3e55dcb62 POST /api/persons 200 34.252 ms - 66 {"name":"eed","number":3213123123} - 39
UserToken =  52da5f91-46cd-4090-9219-e000faa25245 POST /api/persons 200 39.071 ms - 65 {"name":"ee","number":3213123123} - 38
UserToken =  260d9ada-f952-4f0b-a728-8803a3824624 POST /api/persons 200 109.229 ms - 65 {"name":"ee","number":3213123123} - 38
UserToken =  cfd44e11-397a-4a38-9a73-cf3f21993261 POST /api/persons 200 54.232 ms - 65 {"name":"ee","number":3213123123} - 38
UserToken =  7c5d7ce8-504d-46a3-a323-f4a8b2fec3de POST /api/persons 200 56.819 ms - 65 {"name":"ee","number":3213123123} - 38
UserToken =  ca5b81af-7159-4c57-8096-af9e8235d650 POST /api/persons 200 43.597 ms - 65 {"name":"ee","number":3213123123} - 38
UserToken =  bc661af3-13f6-442d-8176-57e625f955c7 POST /api/persons 200 40.015 ms - 65 {"name":"ee","number":3213123123} - 38
UserToken =  cbfe70cb-85c0-4090-96f9-1985e31c10df POST /api/persons 200 39.252 ms - 65 {"name":"ee","number":3213123123} - 38
UserToken =  b170388e-0fc2-4ea3-b79c-fb04663812fa POST /api/persons 200 44.578 ms - 53 {"number":3213123123} - 24
UserToken =  3d1068fb-148e-4218-8238-29465e6a7269 POST /api/persons 200 52.944 ms - 53 {"number":3213123123} - 24
UserToken =  304ef49a-7557-4ebe-b11d-7e1659f39a0c POST /api/persons 200 41.331 ms - 65 {"name":"ee","number":3213123123} - 38
UserToken =  cc9a2eea-188e-42ad-a3df-2d7808179a6e POST /api/persons 200 55.286 ms - 65 {"name":"ee","number":3213123123} - 38
UserToken =  a3b4ed67-8269-4681-a5a9-c895d7b5596d POST /api/persons 200 53.020 ms - 65 {"name":"ee","number":3213123123} - 38
UserToken =  d411d409-889d-4564-85dd-81e6d018455d POST /api/persons 200 54.653 ms - 65 {"name":"ee","number":3213123123} - 38
UserToken =  a73bc98a-b693-48e8-87ee-2cc62e3fd99b POST /api/persons 200 52.084 ms - 65 {"name":"ee","number":3213123123} - 38
UserToken =  7eb93d41-d039-475d-9230-4a0b75a36018 POST /api/persons 200 31.180 ms - 65 {"name":"ee","number":3213123123} - 38
UserToken =  6f9ee56e-0b58-49f1-bca0-54a49a1ff279 POST /api/persons 500 11.945 ms - 1492 {"name":"ee","number":3213123123} - 38
UserToken =  d42802e0-24be-4ab7-b8bd-c9a0cd7bae5f POST /api/persons 500 13.452 ms - 1510 {"name":"ee","number":3213123123} - 38
UserToken =  0875bb1f-0926-40a5-99ff-10694b5f4d9e POST /api/persons 500 1.173 ms - 1510 {"name":"ee","number":3213123123} - 38
UserToken =  c1481cd8-f045-477e-9a27-d7debd1ee2cf POST /api/persons 500 0.633 ms - 1510 {"name":"ee","number":3213123123} - 38
UserToken =  d25afbf2-7850-4a56-a9d3-e3e0bd7a8e4c POST /api/persons 500 0.909 ms - 1510 {"name":"ee","number":3213123123} - 38
UserToken =  a3cce8d1-cf3b-408f-8307-e4e94f751c3e POST /api/persons 500 0.722 ms - 1510 {"name":"ee","number":3213123123} - 38
UserToken =  c0711319-86e1-44ba-a77a-86f403721629 POST /api/persons 500 0.807 ms - 1510 {"name":"ee","number":3213123123} - 38
UserToken =  4f0169ff-9298-4281-8452-297723192df0 POST /api/persons 500 0.680 ms - 1510 {"name":"ee","number":3213123123} - 38
UserToken =  dbb5da83-ee43-4af7-9798-9e1b1d5222e4 POST /api/persons 200 64.184 ms - 65 {"name":"ee","number":3213123123} - 38
UserToken =  6d15e1d3-0312-414d-977d-8c89c651404e POST /api/persons 500 19.950 ms - 1510 {"name":"ee","number":3213123123} - 38
UserToken =  bec6b615-e1c1-4c1d-9573-cc7d24f648f1 POST /api/persons 500 19.738 ms - 1510 {"name":"ee","number":3213123123} - 38
UserToken =  044e7d56-3dbf-4021-8738-0efc407acced POST /api/persons 500 21.048 ms - 1510 {"name":"ee","number":3213123123} - 38
UserToken =  f8a380a7-e58d-484a-8f57-1567275c3837 POST /api/persons 500 18.982 ms - 1510 {"name":"ee","number":3213123123} - 38
UserToken =  b5cdf209-9462-4fbc-bff0-05890ba471b0 POST /api/persons 500 19.697 ms - 1510 {"name":"ee","number":3213123123} - 38
UserToken =  39117ebf-1a7a-431d-a647-e9368126892e POST /api/persons 500 11.673 ms - 1510 {"name":"ee","number":3213123123} - 38
UserToken =  96033845-9a45-43b0-b6a1-765b0e6ab6ac POST /api/persons 200 67.309 ms - 65 {"name":"ee","number":3213123123} - 38
UserToken =  92d0821c-ccb1-4452-8ad7-8d670f9c3535 POST /api/persons 200 58.976 ms - 65 {"name":"ee","number":3213123123} - 38
UserToken =  46704a49-7e2b-4c66-aaee-42ad816b1d5d POST /api/persons 200 35.657 ms - 65 {"name":"ee","number":3213123123} - 38
UserToken =  6fd80fee-6aec-4743-8b93-58fa55349462 GET /api/persons 200 111.397 ms - 5329 {} - -
UserToken =  98e0e5e2-c2f3-4761-a72c-54cb8bca9361 POST /api/persons 200 49.371 ms - 65 {"name":"ee","number":3213123123} - 38
UserToken =  368cda72-5df4-4af1-9ff5-751303785fb2 POST /api/persons 200 32.637 ms - 65 {"name":"ee","number":3213123123} - 38
UserToken =  c8f3ff2c-3457-4b11-a733-554493087844 GET /api/persons 200 41.557 ms - 5461 {} - -
UserToken =  200b06d2-c161-40e8-b68d-89c619f50fc4 POST /api/persons 500 11.994 ms - 1505 {"name":"ee","number":3213123123} - 38
UserToken =  2eeae58e-2ba5-4150-be71-35b5c0acb923 POST /api/persons 500 1.305 ms - 1505 {"name":"ee","number":3213123123} - 38
UserToken =  6d09c836-ec6c-4a8a-a6e4-4d1f03cafdbf POST /api/persons 500 13.086 ms - 1505 {"name":"ee","number":3213123123} - 38
UserToken =  dfab0367-f4fc-4c28-893d-ff99b8513b00 POST /api/persons 500 13.303 ms - 1506 {"name":"ee","number":3213123123} - 38
UserToken =  f35e2e0d-5067-4c88-bdc0-a68749c43dcb POST /api/persons 500 11.956 ms - 1506 {"name":"ee","number":3213123123} - 38
UserToken =  9587c8c9-35ba-4353-99e9-8b5e73b400a9 POST /api/persons 500 14.310 ms - 1492 {"name":"ee","number":3213123123} - 38
UserToken =  98b01d1c-e925-44cb-adb9-623d82f6c186 POST /api/persons 500 13.514 ms - 1488 {"name":"ee","number":3213123123} - 38
UserToken =  97828277-5a82-4be6-a4b8-e25216b19152 POST /api/persons 500 1.303 ms - 1488 {"name":"ee","number":3213123123} - 38
UserToken =  efdcd6e4-385c-4a09-9b78-d96424b4f382 POST /api/persons 500 17.248 ms - 1488 {"name":"ee","number":3213123123} - 38
UserToken =  aecbd68c-3601-4cf3-aaee-dbc14b9db378 POST /api/persons 500 14.900 ms - 1504 {"name":"ee","number":3213123123} - 38
UserToken =  50c93fbe-55c8-4e9d-87aa-ad5aac348e8a POST /api/persons 400 17.046 ms - 1529 {"name":"ee","number":3213123123} - 38
UserToken =  9f6cbd4b-2a70-49d1-b4c6-105cd1c865af POST /api/persons 400 14.129 ms - 311 {"name":"ee","number":3213123123} - 38
UserToken =  e2a16c6f-7b1c-4082-bd59-cc31693fa1c0 POST /api/persons 400 16.980 ms - - {"name":"ee","number":3213123123} - 38
UserToken =  f82147f5-b979-4467-99a6-c29e4889ca3e POST /api/persons 400 1.516 ms - - {"name":"ee","number":3213123123} - 38
UserToken =  53bdd02e-0402-4fbc-bfeb-33f1cb8bc0b7 POST /api/persons 400 1.090 ms - - {"name":"ee","number":3213123123} - 38
UserToken =  fbf54e5e-6df5-44f3-9bb1-f9d619e2a22f POST /api/persons 400 14.629 ms - 311 {"name":"ee","number":3213123123} - 38
UserToken =  344e6aee-cd01-4539-8d51-ee5149b60468 POST /api/persons 400 14.678 ms - 1535 {"name":"ee","number":3213123123} - 38
UserToken =  791f4520-0fc9-41e1-8f04-722806a318da POST /api/persons 400 1.915 ms - 1535 {"name":"ee","number":3213123123} - 38
UserToken =  7c085321-0e65-4a1f-9c0b-e69eabd7482f POST /api/persons 400 1.554 ms - 1535 {"name":"ee","number":3213123123} - 38
UserToken =  249821bb-9a3f-417d-bfe2-0c5cea3972be POST /api/persons 400 13.462 ms - - {"name":"ee","number":3213123123} - 38
UserToken =  db6bf0c5-8049-4a3d-9324-732c0e55ded9 POST /api/persons 400 1.136 ms - - {"name":"ee","number":3213123123} - 38
UserToken =  a5f7dab9-e5e2-4fab-870e-e0bb67eedc3c POST /api/persons 400 0.994 ms - - {"name":"ee","number":3213123123} - 38
UserToken =  c54acf5c-4e0e-4872-be73-8fe094c570ec POST /api/persons 400 14.681 ms - 311 {"name":"ee","number":3213123123} - 38
UserToken =  2eb00ab8-65ab-415f-934f-7b24aebfd94c POST /api/persons 400 2.478 ms - 311 {"name":"ee","number":3213123123} - 38
UserToken =  dd41556e-c16b-4f6e-8159-6f148ffa7d0f POST /api/persons 400 14.535 ms - - {"name":"ee","number":3213123123} - 38
UserToken =  8122405e-4204-49c1-8c66-33ff7a0eeb2a POST /api/persons 400 1.178 ms - - {"name":"ee","number":3213123123} - 38
UserToken =  74788347-08d6-4ace-affd-157d49b348f1 POST /api/persons 400 0.905 ms - - {"name":"ee","number":3213123123} - 38
UserToken =  63438652-e30f-449d-9eba-14544305e670 POST /api/persons 400 1.269 ms - - {"name":"ee","number":3213123123} - 38
UserToken =  a26cf8d3-bf2b-4831-be53-6e2d3ee88fe6 POST /api/persons 400 0.940 ms - - {"name":"ee","number":3213123123} - 38
UserToken =  f314ac27-3779-4eb9-89db-6e87956efa81 POST /api/persons 400 15.211 ms - 1529 {"name":"ee","number":3213123123} - 38
UserToken =  bedb9d18-d995-4eeb-83c8-12dda8e1737e POST /api/persons 400 15.237 ms - 1529 {"name":"ee","number":3213123123} - 38
UserToken =  ddc1a1c2-d079-4b13-91e6-3b4881591095 POST /api/persons 400 2.026 ms - 1529 {"name":"ee","number":3213123123} - 38
UserToken =  1a6c259e-5609-498e-b0cb-8b8e762edaec POST /api/persons 400 1.449 ms - 1529 {"name":"ee","number":3213123123} - 38
UserToken =  8aff0727-f61b-4ba5-aadd-2496c14f27e2 POST /api/persons 400 1.055 ms - 1529 {"name":"ee","number":3213123123} - 38
UserToken =  80a35094-2726-4544-ba24-33f2434203ce POST /api/persons 400 1.214 ms - 1529 {"name":"ee","number":3213123123} - 38
UserToken =  81a8bc55-cdc6-4ffe-b9d3-c693886768b6 POST /api/persons 400 1.029 ms - 1529 {"name":"ee","number":3213123123} - 38
UserToken =  79493438-6f76-4ebd-b226-bd2d721bc769 POST /api/persons 400 1.368 ms - 1529 {"name":"ee","number":3213123123} - 38
UserToken =  fcb09ce9-c5c7-4617-95d8-b35aa0cf83fc POST /api/persons 400 1.147 ms - 1529 {"name":"ee22","number":3213123123} - 40
UserToken =  683a9d53-a03d-4948-8ea7-0c5212d826dc POST /api/persons 400 1.162 ms - 1529 {"name":"ee22","number":3213123123} - 40
UserToken =  572ec8e1-b1a9-4d5c-a377-928441ec2bba POST /api/persons 400 1.103 ms - 1529 {"name":"ee22","number":3213123123} - 40
UserToken =  dc3d397c-08f4-42b3-bcfd-06dce8458d2f POST /api/persons 400 0.986 ms - 1529 {"name":"ee22222","number":3213123123} - 43
UserToken =  58211d5e-1bcb-4f6d-ac07-b81725877575 POST /api/persons 400 0.996 ms - 1529 {"name":"ee22222","number":3213123123} - 43
UserToken =  b6db424a-f20b-4df7-9479-a368f97b1132 POST /api/persons 400 0.984 ms - 1529 {"name":"ee22222","number":3213123123} - 43
UserToken =  5f4e631f-2585-4625-9cf5-81d434d0ac29 POST /api/persons 400 1.193 ms - 1529 {"name":"ee22222","number":3213123123} - 43
UserToken =  b7ea83b6-3ea0-45e4-b73d-d970f7e36024 POST /api/persons 400 1.045 ms - 1529 {"name":"ee22222","number":3213123123} - 43
UserToken =  d1b77525-01a3-4f2e-9a15-e26bf2044e62 POST /api/persons 400 13.618 ms - 1529 {"name":"ee22222","number":3213123123} - 43
UserToken =  81d00e6f-47bd-48f6-81bf-ef6bfb648869 POST /api/persons 400 17.465 ms - 301 {"name":"ee22222","number":3213123123} - 43
UserToken =  f8b8f5eb-90fc-440e-8830-37dc928c998d POST /api/persons 400 1.537 ms - 63 {"name":"ee22222","number":"3213123123"} - 45
UserToken =  c6ea7f2b-6d91-4289-930d-bbe1c74c00cd POST /api/persons 400 0.752 ms - 63 {"name":"ee22222","number":"3213123123"} - 45
UserToken =  23ee7632-4263-4ef8-8427-3972836b1d03 POST /api/persons 400 1.012 ms - 63 {"name":"ee22222","number":"3213123123"} - 45
UserToken =  eb2ef890-3606-468a-a56b-6dbae86d0220 POST /api/persons 400 0.767 ms - 63 {"name":"ee22222","number":"3213123123"} - 45
UserToken =  dfee9b22-9d66-4824-92e7-6182127434e3 POST /api/persons 400 0.656 ms - 63 {"name":"ee22222","number":"3213123123"} - 45
UserToken =  ef6e131c-d984-49fd-95e3-a18dac2a2788 POST /api/persons 400 0.785 ms - 63 {"name":"ee22222","number":"3213123123"} - 45
UserToken =  984f3f9a-2a94-4866-9e91-f77f6a48105a POST /api/persons 400 0.983 ms - 63 {"name":"ee22222","number":"3213123123"} - 45
UserToken =  98e8f994-a5d2-4df8-8b55-3082606caa93 POST /api/persons 400 0.968 ms - 63 {"name":"ee22222","number":"3213123123"} - 45
UserToken =  d462b083-9a90-4bb6-b58b-572de501e04c POST /api/persons 400 0.884 ms - 63 {"name":"ee22222","number":"3213123123"} - 45
UserToken =  2bf209ea-d523-4e47-b111-b6476d648caf POST /api/persons 400 0.642 ms - 63 {"name":"ee22222","number":"3213123123"} - 45
UserToken =  faaa36c1-fa0b-4a8c-af8b-52c45ecba0b9 POST /api/persons 400 0.953 ms - 63 {"name":"ee22222","number":"3213123123"} - 45
UserToken =  5320e332-ddc0-400b-8e99-04a7d6c5c332 POST /api/persons 400 1.155 ms - 63 {"name":"ee22222","number":"3213123123"} - 45
UserToken =  3e487915-3b8d-4c94-9a7a-abec80badfa3 POST /api/persons 200 334.809 ms - 70 {"name":"ee22222","number":"3213123123"} - 45
UserToken =  47e4d670-e4a3-4e97-a427-694ffc973aef POST /api/persons 200 56.349 ms - 70 {"name":"ee22222","number":"3213123123"} - 45
UserToken =  721fe800-d5bb-4ae5-8e82-f8084f8d70ae POST /api/persons 200 36.211 ms - 66 {"name":"eee","number":"3213123123"} - 41
UserToken =  a4bd37bb-56ed-42c7-b4d5-42e34b03471b POST /api/persons 200 32.693 ms - 66 {"name":"eee","number":"3213123123"} - 41
UserToken =  35ca5e87-4e70-42eb-b1fd-702a0eedffd6 POST /api/persons 200 39.902 ms - 66 {"name":"eee","number":"3213123123"} - 41
UserToken =  62a73360-a206-4aa6-8a5b-ddf3d2b0bfd1 POST /api/persons 200 35.214 ms - 66 {"name":"eee","number":"3213123123"} - 41
UserToken =  c704de20-bdc7-4187-9484-86fb90d272e1 POST /api/persons 400 14.092 ms - 59 {"name":"eee","number":"3213123123"} - 41
UserToken =  827f2a06-f18a-4f65-ae19-43385069548c POST /api/persons 400 1.548 ms - 59 {"name":"eee","number":"3213123123"} - 41
UserToken =  f8fd8fdd-dba1-47b9-bf8b-6bb6913bc934 POST /api/persons 400 1.431 ms - 59 {"name":"eee","number":"3213123123"} - 41
UserToken =  0cc2dc4e-a6c5-42fc-b43c-02893873f8d1 POST /api/persons 400 0.795 ms - 59 {"name":"eee","number":"3213123123"} - 41
UserToken =  c9f05af3-020b-47af-b72e-09ace786d4fd POST /api/persons 400 0.755 ms - 59 {"name":"eee","number":"3213123123"} - 41
UserToken =  7f60c633-2dae-4dec-8438-87854d064a97 POST /api/persons 400 1.161 ms - 59 {"name":"eee","number":"3213123123"} - 41
UserToken =  a6ab9bf6-05cc-4b38-ba83-5b6ba2e838fb POST /api/persons 400 14.104 ms - 59 {"name":"eee","number":"3213123123"} - 41
UserToken =  529ec615-bb26-45bc-a13a-7abf2e3bbb67 POST /api/persons 400 1.304 ms - 59 {"name":"eee","number":"3213123123"} - 41
UserToken =  bf57c1ce-c6a0-4f2c-8104-c6ba0079d398 POST /api/persons 400 1.052 ms - 63 {"name":"Hammed","number":"32313123123"} - 45
UserToken =  fc27b405-e183-479c-a39b-8039b0fecc87 GET /api/persons 200 88.252 ms - 5871 {} - -
UserToken =  1c2cc9d5-e05a-47d1-8b5e-24f83937460c POST /api/persons 400 14.014 ms - 63 {"name":"Hammed","number":"32313123123"} - 45
UserToken =  df10dcc2-e6e0-4284-92c7-e389e5038839 POST /api/persons 400 1.253 ms - 63 {"name":"Hammed","number":"32313123123"} - 45
UserToken =  73c07f59-f827-4c20-9977-8d1a4de71e4d POST /api/persons 400 1.094 ms - 67 {"name":"asdasdasd","number":"sadasdasdasd"} - 49
UserToken =  95083460-5807-469f-a94f-c05cb8d68084 POST /api/persons 400 0.906 ms - 67 {"name":"asdasdasd","number":"sadasdasdasd"} - 49
UserToken =  d486e180-4a64-4df2-b1b2-7482eab4a8f1 POST /api/persons 400 0.783 ms - 67 {"name":"asdasdasd","number":"sadasdasdasd"} - 49
UserToken =  45dab28c-7f0d-4044-a1bb-2210e6ebb482 POST /api/persons 401 14.268 ms - 67 {"name":"asdasdasd","number":"sadasdasdasd"} - 49
UserToken =  cfa1d19e-581f-40c1-aa7f-7dbd1a08c5b6 POST /api/persons 401 1.362 ms - 67 {"name":"asdasdasd","number":"sadasdasdasd"} - 49
UserToken =  1744a989-4c8d-49ad-aa0b-2fb8b9bd4b75 POST /api/persons 400 15.797 ms - 67 {"name":"asdasdasd","number":"sadasdasdasd"} - 49
UserToken =  ee20feed-7bce-4847-b091-1859324968fa POST /api/persons 400 15.398 ms - 67 {"name":"asdasdasd","number":"sadasdasdasd"} - 49
UserToken =  76d5c229-6271-4479-bd23-c5e8d113b61f POST /api/persons 400 4.839 ms - 293 {"name":"ยง","number":"2"} - 31
UserToken =  4665bc4d-570c-46f8-b1ab-4b346faa7785 POST /api/persons 400 3.183 ms - 293 {"name":"ยง","number":"2"} - 31
UserToken =  6f11890c-338c-474f-83aa-f5eadccea670 POST /api/persons 400 3.376 ms - 306 {"name":"123","number":"2"} - 32
UserToken =  c79ecd8d-3e88-4ab9-bb03-5384bfa95376 POST /api/persons 400 3.380 ms - 306 {"name":"322","number":"2"} - 32
UserToken =  269bea86-a4d7-4e3d-ad89-7b52e79725d2 POST /api/persons 400 1.283 ms - 53 {"name":"322","number":"3213"} - 35
UserToken =  b8ef8939-63bb-4dde-aee8-02d6b035ab55 POST /api/persons 400 1.452 ms - 53 {"name":"322","number":"3213"} - 35
UserToken =  9cbde4a8-5330-4b61-8645-38f362b5e379 POST /api/persons 400 17.806 ms - 303 {"name":"22","number":"3213"} - 34
UserToken =  37ff04a2-fdcd-4922-8ff0-b416d7a30b76 POST /api/persons 400 18.665 ms - 1529 {"name":"22","number":"3213"} - 34
UserToken =  10143f81-0459-42c3-a368-8daa11c4cd37 POST /api/persons 400 3.994 ms - 1529 {"name":"22","number":"3213"} - 34
UserToken =  a9961c63-d5d5-4380-972a-d28267236822 POST /api/persons 400 3.323 ms - 1529 {"name":"22","number":"3213"} - 34
UserToken =  205e8cd3-9aec-417b-9748-01d6d80bf05b POST /api/persons 400 4.238 ms - 1529 {"name":"22","number":"3213"} - 34
UserToken =  94ab402f-2c6d-4bc8-98f9-976a0fe3a22a POST /api/persons 400 4.789 ms - 1529 {"name":"22","number":"3213"} - 34
UserToken =  bce076c6-01b3-4588-ac34-f48d57f5cd7b POST /api/persons 400 19.105 ms - 1529 {"name":"22","number":"3213"} - 34
UserToken =  4dd89bb3-f727-4f30-932b-104aed890f3f POST /api/persons 400 17.431 ms - 303 {"name":"22","number":"3213"} - 34
UserToken =  8f028993-19f4-4f7c-a3df-e230ab9822d8 POST /api/persons 400 18.126 ms - 303 {"name":"22","number":"3213"} - 34
UserToken =  800b83de-4481-4416-968b-b3e976e7fd32 POST /api/persons 400 3.825 ms - 303 {"name":"22","number":"3213"} - 34
UserToken =  9f5ebda1-83a1-4beb-b761-23f913093b9d POST /api/persons 400 3.533 ms - 303 {"name":"22","number":"3213"} - 34
UserToken =  3c76dab9-dc9e-4c8f-a6f5-1d322f2bf8c4 POST /api/persons 400 3.799 ms - 303 {"name":"22","number":"3213"} - 34
UserToken =  29aae905-2ca1-4689-a52a-8dc7a516cc57 POST /api/persons 400 3.951 ms - 303 {"name":"22","number":"3213"} - 34
UserToken =  3ce6bc7f-7eb0-4f8a-b8bc-f5ae4d8f7b85 POST /api/persons 400 1.473 ms - 54 {"name":"2223","number":"3213"} - 36
UserToken =  a68ff5af-a2a5-4a7e-a259-490357ea992a POST /api/persons 400 1.415 ms - 54 {"name":"2223","number":"3213"} - 36
UserToken =  e3607968-ca1a-45e3-9575-a09085f33bf0 POST /api/persons 400 1.417 ms - 54 {"name":"2223","number":"3213"} - 36
UserToken =  e4fede02-e1d0-4035-a67b-52a60301582f POST /api/persons 400 4.531 ms - 303 {"name":"22","number":"3213"} - 34
UserToken =  397a0749-92ec-4b68-b206-b573cb50bbbd POST /api/persons 400 18.112 ms - 190 {"name":"22","number":"3213"} - 34
UserToken =  9c2e1c55-81f3-46cf-b72d-af31e73074ca POST /api/persons 400 17.785 ms - - {"name":"22","number":"3213"} - 34
UserToken =  0f2271d6-4268-4848-91c8-8885abe6ea28 POST /api/persons 400 3.521 ms - - {"name":"22","number":"3213"} - 34
UserToken =  3c8ebf56-abe4-414c-a566-c300224d9633 POST /api/persons 400 3.204 ms - - {"name":"22","number":"3213"} - 34
UserToken =  d344ec1f-4e84-4844-8064-f977870c0e71 POST /api/persons 400 3.737 ms - - {"name":"22","number":"3213"} - 34
UserToken =  ca76956b-78ee-4492-ba4e-4abcd5aee9f0 POST /api/persons 400 3.007 ms - - {"name":"22","number":"3213"} - 34
UserToken =  30ec7ee6-2721-4ced-aba6-63023b3b3b6f POST /api/persons 400 2.855 ms - - {"name":"22","number":"3213"} - 34
UserToken =  bdc8b45c-0327-4741-bc3a-109e9f64fb83 POST /api/persons 400 4.006 ms - - {"name":"22","number":"3213"} - 34
UserToken =  7ea5ffd1-f0db-4483-9f49-e5a07647ae2e POST /api/persons 400 2.888 ms - - {"name":"22","number":"3213"} - 34
UserToken =  81563176-aa51-4f76-a2db-fb93a078f388 POST /api/persons 400 3.629 ms - - {"name":"22","number":"3213"} - 34
UserToken =  ca1a0917-0a10-43da-a684-a29cda766672 POST /api/persons 400 19.357 ms - 1532 {"name":"22","number":"3213"} - 34
UserToken =  84eea413-1334-402b-9226-d273a0a3fa54 POST /api/persons 400 4.486 ms - 1532 {"name":"22","number":"3213"} - 34
UserToken =  d56b233c-51f2-489c-a106-54001c854626 POST /api/persons 400 4.428 ms - 1532 {"name":"22","number":"3213"} - 34
UserToken =  cdd1c211-8860-43b7-b7c6-ce08fa60cc12 POST /api/persons 400 14.967 ms - - {"name":"22","number":"3213"} - 34
UserToken =  4a8c35cb-239a-4268-a852-239b2b158a8f POST /api/persons 400 1.767 ms - - {"name":"22","number":"3213"} - 34
UserToken =  9251e67c-b5c4-4fc1-a59d-6cfb0449b1af POST /api/persons 400 1.222 ms - - {"name":"22","number":"3213"} - 34
UserToken =  bff71f63-38a3-4a3a-98c6-f8af26031523 POST /api/persons 400 1.608 ms - - {"name":"22","number":"3213"} - 34
UserToken =  4d6bb181-4db6-4e7e-b629-3c0ed1f83fbd POST /api/persons 400 1.202 ms - - {"name":"22","number":"3213"} - 34
UserToken =  0c1c5636-cb85-44a0-87c1-12fa6ed8312a POST /api/persons 400 1.302 ms - - {"name":"22","number":"3213"} - 34
UserToken =  b24e8c50-56dd-447e-8701-a664afd22c2e POST /api/persons 400 1.373 ms - - {"name":"22","number":"3213"} - 34
UserToken =  fc3c796f-fcd7-4dfe-a4ef-f08af49f9518 POST /api/persons 400 15.765 ms - 14 {"name":"22","number":"3213"} - 34
UserToken =  da16a4cd-f2cf-490c-a178-bf16b79fa63d POST /api/persons 400 1.863 ms - 14 {"name":"22","number":"3213"} - 34
UserToken =  6317a0b5-5b99-4d80-be75-d4732fcb77fe POST /api/persons 400 1.991 ms - 14 {"name":"22","number":"3213"} - 34
UserToken =  746efbc5-b5b0-4f8e-9cd2-78940e6272ca POST /api/persons 400 1.603 ms - 14 {"name":"22","number":"3213"} - 34
UserToken =  f55e4f2e-ab17-4c48-91ee-abf233e9f360 POST /api/persons 400 1.567 ms - 14 {"name":"22","number":"3213"} - 34
UserToken =  4341cab9-3251-4c20-bc03-3c811f58fff4 POST /api/persons 400 2.377 ms - 14 {"name":"22","number":"3213"} - 34
UserToken =  e8ea8d5b-153a-4577-a503-472b8d6c0396 POST /api/persons 400 1.728 ms - 14 {"name":"22","number":"3213"} - 34
UserToken =  c7c1f359-e539-48f8-9671-630b8c668b68 POST /api/persons 400 1.182 ms - 14 {"name":"22","number":"3213"} - 34
UserToken =  1f4c14ed-9555-4c05-97ba-ab904f618b0d POST /api/persons 400 1.942 ms - 14 {"name":"22","number":"3213"} - 34
UserToken =  cbb8eaf7-dc5e-467d-8a43-806c9e0afaa7 POST /api/persons 400 2.051 ms - 14 {"name":"22","number":"3213"} - 34
UserToken =  fd5c6351-2afd-4783-945d-61bc2d839639 POST /api/persons 400 19.449 ms - 190 {"name":"22","number":"3213"} - 34
UserToken =  7520afc9-237e-4849-8a5d-1daf11e4aaa4 POST /api/persons 400 4.071 ms - 190 {"name":"22","number":"3213"} - 34
UserToken =  e5133095-31d3-421e-af01-dfd60d19c825 POST /api/persons 400 3.445 ms - 190 {"name":"22","number":"3213"} - 34
UserToken =  d441a5d5-1a22-4c0b-812e-c58d522370c5 POST /api/persons 400 19.810 ms - 167 {"name":"22","number":"3213"} - 34
UserToken =  ae6165ff-8815-4054-908a-81c656fb5871 POST /api/persons 400 3.530 ms - 167 {"name":"22","number":"3213"} - 34
UserToken =  d40f66ae-fe95-4d3c-b343-5cb843aa5823 POST /api/persons 400 3.782 ms - 167 {"name":"22","number":"3213"} - 34
UserToken =  0bb2f9ef-003e-4092-bfa9-320ad811a946 POST /api/persons 400 4.069 ms - 167 {"name":"22","number":"3213"} - 34
UserToken =  470a6ab5-a186-4054-93f2-22e9730362b9 POST /api/persons 400 2.986 ms - 168 {"name":"223","number":"3213"} - 35
UserToken =  ef379849-062f-41e0-b6cc-9ba2285dbfb5 POST /api/persons 400 3.031 ms - 168 {"name":"223","number":"3213"} - 35
UserToken =  b516379b-e4a6-427a-aedf-4377082ddf7a POST /api/persons 200 75.286 ms - 60 {"name":"223","number":"3213"} - 35
UserToken =  360846f4-9086-47a6-9389-8a4608cf96bc POST /api/persons 400 6.554 ms - 255 {"name":"22","number":"3213"} - 34
UserToken =  92ff7a98-3935-4362-ad68-f25506038695 POST /api/persons 400 20.226 ms - 255 {"name":"22","number":"3213"} - 34
UserToken =  88d62f59-d138-4489-9f4f-68f75d539198 POST /api/persons 400 4.211 ms - 255 {"name":"22","number":"3213"} - 34
UserToken =  64e11890-3a0f-4a35-b083-b8ca2e0d56a3 POST /api/persons 400 3.450 ms - 255 {"name":"22","number":"3213"} - 34
UserToken =  cb632360-2dfc-4d57-b34d-7e64e70b4af0 POST /api/persons 400 17.381 ms - 48 {"name":"22","number":"3213"} - 34
UserToken =  179ae0bd-250d-4e09-9541-5e6ca91daac1 POST /api/persons 400 22.798 ms - 48 {"name":"22","number":"3213"} - 34
UserToken =  1cad2f9e-43bc-467d-928b-86e861b6ae49 POST /api/persons 400 3.992 ms - 48 {"name":"22","number":"3213"} - 34
UserToken =  b90f6ae3-e987-4141-bacf-9be98c1612c3 POST /api/persons 200 48.772 ms - 60 {"name":"224","number":"3213"} - 35
UserToken =  f39a0fb8-8aec-422c-8668-7576aa6c43de POST /api/persons 400 15.341 ms - 1529 {"name":"224","number":"3213"} - 35
UserToken =  588bb5ce-be9c-4520-97e8-55052801a882 POST /api/persons 400 2.721 ms - 1529 {"name":"224","number":"3213"} - 35
UserToken =  39684f45-df5a-4c4a-ac4b-4c166d21afb4 POST /api/persons 400 1.872 ms - 1529 {"name":"224","number":"3213"} - 35
UserToken =  e3c61ea9-ed03-40a1-a862-26e3e345ec1f PUT /api/persons/1 500 12.455 ms - 1489 {"name":"Ar","number":"040-123456"} - 40
UserToken =  6149ea16-0c06-4c28-9e2b-14bd34526441 POST /api/persons 200 45.209 ms - 60 {"name":"224","number":"3213"} - 35
UserToken =  b2b00b4e-56fc-4371-ac9c-62ba476cfd0d GET /api/persons 200 51.048 ms - 6054 {} - -
UserToken =  3ce6b04c-7f7f-4ae3-9993-3eb8171082aa GET /api/persons 304 46.027 ms - - {} - -
UserToken =  3885fbda-9f1d-430b-845f-8c93efd9a4c5 GET /api/persons 200 32.877 ms - 6054 {} - -
UserToken =  a9268068-19f2-44eb-8e53-1ecef5daa8cf GET /api/persons 304 91.647 ms - - {} - -
UserToken =  c5f24784-99db-4933-8efa-70c032a24744 GET /api/persons 304 48.340 ms - - {} - -
UserToken =  5b171bdc-6755-4ac0-ad4b-7fb96e3eac44 GET /api/persons 304 42.183 ms - - {} - -
UserToken =  0815577e-8c63-4b58-9d8d-cde4b31147d8 GET /api/persons 304 40.295 ms - - {} - -
UserToken =  254a2b06-84ea-4ad5-b667-042175fceace GET /api/persons 200 51.368 ms - 6054 {} - -
UserToken =  ddb1b0c0-a1f4-407a-80e7-0c0e1234a776 GET /api/persons 304 44.056 ms - - {} - -
UserToken =  a00166a4-373d-40f9-8cc4-438c75fce55c GET /api/persons 304 47.204 ms - - {} - -
UserToken =  0f7b8c79-7e8d-4d70-a0b6-e8ece935f4be GET /api/persons 304 35.054 ms - - {} - -
UserToken =  628030a5-6d5f-487e-a697-4c8f19aa6862 GET /api/persons 304 32.319 ms - - {} - -
UserToken =  bf992d49-0ff3-4dfb-8844-3d277360be3e GET /api/persons 304 54.203 ms - - {} - -
UserToken =  5db5fa6d-d774-4a77-ae47-5680278f87e6 GET /api/persons 304 43.627 ms - - {} - -
UserToken =  9c7a722b-e965-40e5-8070-175619c32bb1 GET /api/persons 304 43.684 ms - - {} - -
UserToken =  ddbaa992-465b-4b74-a0c8-12f28c4fb412 GET /api/persons 304 38.059 ms - - {} - -
UserToken =  2c69a24a-3521-4f4b-8390-987a54ade4e4 GET / 304 1.894 ms - - {} - -
UserToken =  8a2a1f17-d650-4f8d-a410-00ecee469720 GET /static/js/main.ec122ef5.js 304 1.271 ms - - {} - -
UserToken =  142d1fc6-d11c-4656-831c-75701f68db58 GET /static/css/main.691b07de.css 304 1.071 ms - - {} - -
UserToken =  387b8d88-572d-4195-bb0c-8eb0cc25cfce GET /manifest.json 304 0.845 ms - - {} - -
UserToken =  5ad5e2c2-9a64-4f7e-bb9e-63999522826a GET /logo192.png 304 0.875 ms - - {} - -
UserToken =  141d14b7-4f79-47ba-828d-456038378ccf GET /static/css/main.691b07de.css.map 200 3.929 ms - 434 {} - -
UserToken =  255f6e5b-bace-4090-8f98-f7a0c441725d GET /static/js/main.ec122ef5.js.map 200 4.230 ms - 1133695 {} - -
UserToken =  cabc9374-c6c3-4b58-9b34-bdfc71725251 GET /api/persons 304 40.146 ms - - {} - -
UserToken =  aaba884b-90d8-4d2b-ab0b-ddcd8b35379a GET /api/persons 304 49.747 ms - - {} - -
UserToken =  dace01e4-703e-408f-804d-ec280ee1faf9 GET / 304 1.821 ms - - {} - -
UserToken =  4b2d237f-1c43-4476-8b62-66038b4659f6 GET /static/js/main.ec122ef5.js 304 1.519 ms - - {} - -
UserToken =  628a04af-5b32-45fb-a259-d049943d5acf GET /static/css/main.691b07de.css 304 1.128 ms - - {} - -
UserToken =  56cd64b6-60a0-4907-ab06-8e126d68c3f5 GET /static/css/main.691b07de.css.map 200 2.022 ms - 434 {} - -
UserToken =  45df9392-df9c-41c5-a4f0-841a14391db0 GET /static/js/main.ec122ef5.js.map 200 1.302 ms - 1133695 {} - -
UserToken =  83e7a2bb-3f91-4914-ad66-590d7d2f99b2 GET /manifest.json 304 0.780 ms - - {} - -
UserToken =  31a2d952-5ade-4803-bf00-e69504753426 GET /logo192.png 304 0.577 ms - - {} - -
UserToken =  35f0c8a6-60ce-488f-907a-8d912355e6a3 GET /api/persons 304 55.153 ms - - {} - -
UserToken =  aac8100d-41ab-40dd-a4e1-faf88d1f2834 GET / 304 0.476 ms - - {} - -
UserToken =  749ef4a1-5d87-4a7c-9e8c-aa93edbb9b8d GET /static/js/main.ec122ef5.js 304 1.274 ms - - {} - -
UserToken =  82f68391-4a30-426e-b353-07db4ba8eb2d GET /static/css/main.691b07de.css 304 0.986 ms - - {} - -
UserToken =  fb809ad7-ab61-4bca-be08-6368f4bc9053 GET /static/css/main.691b07de.css.map 200 0.585 ms - 434 {} - -
UserToken =  b68fb21b-ab91-4c6e-8969-e0a710032237 GET /static/js/main.ec122ef5.js.map 200 0.654 ms - 1133695 {} - -
UserToken =  69560b20-cbac-486d-9ee5-36b3382a0e4c GET /manifest.json 304 1.115 ms - - {} - -
UserToken =  ef53ccd6-6b05-4df8-b2c0-87a157b136d1 GET /logo192.png 304 1.080 ms - - {} - -
UserToken =  878c1ac9-e72d-4f17-9717-9bdc686e6e5b GET /api/persons 304 58.305 ms - - {} - -
UserToken =  e217fa80-a923-49d4-bcdd-70b296a37cd4 GET /api/persons 304 43.128 ms - - {} - -
UserToken =  4094c053-90d7-41bf-af65-9d8b4a47ea49 GET / 304 2.836 ms - - {} - -
UserToken =  c206024a-fbab-4b47-9132-79d6e10a6999 GET /static/js/main.ec122ef5.js 304 1.885 ms - - {} - -
UserToken =  fad25197-454f-413d-93b4-2e7a3537afdc GET /static/css/main.691b07de.css 304 1.191 ms - - {} - -
UserToken =  32fa336e-2b04-44d0-810a-7dcdeeb738b1 GET /manifest.json 304 0.549 ms - - {} - -
UserToken =  fb26cac8-c467-401c-b522-b069c27e0fd9 GET /logo192.png 304 0.583 ms - - {} - -
UserToken =  b2ebd8eb-c9bd-4731-b30c-9563fae91034 GET /api/persons 304 121.395 ms - - {} - -
UserToken =  01b68b91-9436-4f12-a6ed-1374146916c3 GET / 304 0.609 ms - - {} - -
UserToken =  c55ad96d-2489-4962-8036-7390a9ddf10f GET /static/js/main.ec122ef5.js 304 1.249 ms - - {} - -
UserToken =  ff13d209-e7cf-42a7-a256-504fd7da9f6f GET /static/css/main.691b07de.css 304 0.908 ms - - {} - -
UserToken =  710cbd89-2aa6-4ecf-90c3-4348281fd3c5 GET /manifest.json 304 0.922 ms - - {} - -
UserToken =  32cb4dac-b6ba-44e6-a1ec-fb1264cc9f7a GET /logo192.png 304 0.543 ms - - {} - -
UserToken =  1213756f-eb35-4667-91b4-a62ade5bfd87 GET /api/persons 304 113.209 ms - - {} - -
UserToken =  153fd1ae-5c68-4eab-8fbe-d65a19bdb7d3 GET / 200 1.654 ms - 644 {} - -
UserToken =  9b2eb8f5-684d-495e-b739-871379676d08 GET /static/css/main.691b07de.css 200 0.793 ms - 167 {} - -
UserToken =  95cde7b7-a792-4ee9-ab34-1f7029e7bb1d GET /static/js/main.ec122ef5.js 200 1.802 ms - 368149 {} - -
UserToken =  e8846767-f3d0-4ddb-868a-1c454a60687c GET /static/css/main.691b07de.css.map 200 0.700 ms - 434 {} - -
UserToken =  0aecdc67-2011-4c54-92cb-5df1d54bebca GET /static/js/main.ec122ef5.js.map 200 0.762 ms - 1133695 {} - -
UserToken =  ad8899d3-3cd7-4a35-94ae-76a1deffc5e4 GET /manifest.json 200 1.535 ms - 492 {} - -
UserToken =  1e0d3411-b3b9-4fdb-8d3c-089daa0b1511 GET /favicon.ico 200 1.484 ms - 3870 {} - -
UserToken =  31a4188f-b106-402e-bd4d-654bca120dd2 GET /logo192.png 200 1.450 ms - 5347 {} - -
UserToken =  551751d3-ce0c-4646-a303-ba6760c717ac GET /api/persons 200 64.506 ms - 6054 {} - -
UserToken =  b747de12-139c-4d83-9681-9b8fd4207a05 GET / 200 0.679 ms - 644 {} - -
UserToken =  0d9ea791-dc16-480f-a88a-f44239d082fc GET /static/css/main.691b07de.css 200 1.419 ms - 167 {} - -
UserToken =  28affe35-b0fc-4f12-b74f-900d08afe529 GET /static/js/main.ec122ef5.js 200 1.047 ms - 368149 {} - -
UserToken =  53eab88c-ab3f-4f92-aa36-1514498e0f72 GET /manifest.json 200 1.368 ms - 492 {} - -
UserToken =  0b5835be-f2c9-4fea-a7c4-d4d6726a3a88 GET /favicon.ico 200 1.448 ms - 3870 {} - -
UserToken =  dd44848d-2270-49cd-9612-e477cda77381 GET /logo192.png 200 0.617 ms - 5347 {} - -
UserToken =  f2311c47-e48d-461a-bf84-115750d16970 GET /api/persons 200 1092.102 ms - 6054 {} - -
UserToken =  ba206f57-7132-48d9-ac65-12b0b06f2e2c GET /static/css/main.691b07de.css 304 0.597 ms - - {} - -
UserToken =  d79ed1fb-e164-4a42-ad49-303934a1358c GET /manifest.json 304 0.723 ms - - {} - -
UserToken =  91b26bfb-9940-4ae7-994f-8c2ff79a303c GET /static/js/main.ec122ef5.js.map 200 0.625 ms - 1133695 {} - -
UserToken =  f82c102b-a2f0-4cfd-b7ab-ea6c8797ba41 GET /static/css/main.691b07de.css.map 200 0.654 ms - 434 {} - -
UserToken =  1f35502f-903c-4d5a-abf4-2ca3e65012d8 GET /api/persons 200 111.783 ms - 6054 {} - -
UserToken =  3c9d9d70-7c5c-40a2-b88a-2403ef8d9fed GET /api/persons 304 152.902 ms - - {} - -
UserToken =  e681e613-5221-4813-800b-3e4bb98c5f13 GET /api/persons 304 60.612 ms - - {} - -
UserToken =  5be5e393-6ba5-4cb4-ad99-aa978eb38e6d GET /api/persons 304 63.078 ms - - {} - -
UserToken =  6b52c343-0079-4df1-88b2-f5f699bbe692 GET /api/persons 304 61.367 ms - - {} - -
UserToken =  fc9ab9e3-791e-47f9-9220-9ea608c3bb5f GET /api/persons 304 64.730 ms - - {} - -
UserToken =  1d69746b-0568-4550-a6d0-93fcde405a96 GET /api/persons 304 43.202 ms - - {} - -
UserToken =  c09a5749-bd87-40dc-975b-ae5135895bcb GET /api/persons 304 38.504 ms - - {} - -
UserToken =  89130530-05b7-4264-9f84-af3603f8e2cb GET /api/persons 304 101.819 ms - - {} - -
UserToken =  705f89f6-7bba-4fc3-8d2e-15092c370087 GET /api/persons 304 54.561 ms - - {} - -
UserToken =  00626207-316f-4bcf-a94e-e5d561b5a48f GET /api/persons 304 61.146 ms - - {} - -
UserToken =  b350d6cd-8d57-474e-b900-d5883c2bfd3f GET /api/persons 304 39.612 ms - - {} - -
UserToken =  d4cc6c53-6cd7-45e0-b38c-189250d66cc5 GET /api/persons 304 129.091 ms - - {} - -
UserToken =  5ed45a17-6d4a-4d5e-89d0-b208fd05cc7a GET /api/persons 304 48.776 ms - - {} - -
UserToken =  6ded2ffb-aa93-4c5a-aacc-6e0854b64f15 GET /api/persons 304 46.963 ms - - {} - -
UserToken =  c5b7943d-46db-4f24-a549-687eed0b2990 GET /api/persons 304 42.303 ms - - {} - -
UserToken =  bbcece7b-5161-4d71-b439-2e34574c4cf9 GET /api/persons 304 102.058 ms - - {} - -
UserToken =  19f462de-0272-4d71-9fc4-eb3abd78de45 GET /api/persons 304 54.683 ms - - {} - -
UserToken =  aef305af-4336-4b14-9fc1-ab2f3134d706 GET /api/persons 304 41.454 ms - - {} - -
UserToken =  a2acb386-2200-4733-aee9-88699274ef50 GET /api/persons 304 57.962 ms - - {} - -
UserToken =  73ea8f6e-81d4-4c87-8953-fe20f8d1b07d GET /api/persons 304 260.589 ms - - {} - -
UserToken =  772b9211-bdcf-468f-ae29-16b51d698aef GET /api/persons 304 35.762 ms - - {} - -
UserToken =  de5a281e-c0b7-40b6-a984-8ff6e5a510bb GET /api/persons 200 115.426 ms - 6054 {} - -
UserToken =  cb3ea82a-e4d4-4e6e-bd1c-c3154d7cfa14 GET /api/persons 304 42.076 ms - - {} - -
UserToken =  0b7ef065-7d86-429c-b417-2ee2ea32cb66 GET /api/persons 304 39.817 ms - - {} - -
UserToken =  26a6b70a-47d4-4959-ae5c-a2fb8f2a492b GET /api/persons 304 43.870 ms - - {} - -
UserToken =  605ced08-ce34-460f-b356-06f00c2c91e0 GET /api/persons 304 524.827 ms - - {} - -
UserToken =  b7ea7907-8ae5-42fc-be9a-ac0248f14c68 GET /api/persons 304 112.378 ms - - {} - -
UserToken =  bc09d147-0467-481d-bb1e-edfacf3bf793 GET /api/persons 304 33.465 ms - - {} - -
UserToken =  8e27f3aa-87c3-4ac4-8994-58d98323f212 GET /favicon.ico 304 1.471 ms - - {} - -
UserToken =  4d5453ff-34aa-49a1-be78-8e21ed4303a4 GET /api/persons 200 48.187 ms - 6054 {} - -
UserToken =  7de71028-f33c-468a-b668-d53ab6e490f0 GET /api/persons 304 38.313 ms - - {} - -
UserToken =  aa27011e-dcfc-439b-8fba-1ff62f1bf6ae GET /api/persons 304 35.322 ms - - {} - -
UserToken =  6a6c122b-55c7-4578-936f-c4c05db29cae GET /api/persons 304 43.299 ms - - {} - -
UserToken =  e2bc8028-8cb1-49b4-824c-67cdc01359a2 GET /api/persons 304 40.001 ms - - {} - -
UserToken =  542c3819-591d-47b9-afac-2f4dc47af48e GET /api/persons 304 45.657 ms - - {} - -
UserToken =  4d19036d-51e6-487b-9bfc-1a4e58d8d5ac GET /api/persons 304 398.334 ms - - {} - -
UserToken =  7eb6b06e-9795-4b6c-adcd-dba2e31f0f44 GET /api/persons 304 106.975 ms - - {} - -
UserToken =  bfbbff79-34bb-4141-9afe-2c4db952edc1 GET /api/persons 304 48.377 ms - - {} - -
UserToken =  c12dd1a3-d3c4-44d4-9ab7-cb7a33bc0727 GET /api/persons 304 149.436 ms - - {} - -
UserToken =  fb067fc6-6074-47c2-b614-3e85ee7c5575 GET /api/persons 200 54.351 ms - 6054 {} - -
UserToken =  7f650f3e-7873-4561-90bd-e97c9cc61093 GET /api/persons 304 283.878 ms - - {} - -
UserToken =  c71c28f1-9a0e-4742-8939-d9e8ca75b518 GET /api/persons 304 47.012 ms - - {} - -
UserToken =  a80f18d3-ef90-4daa-a43d-e8975bff551d GET /api/persons 304 87.223 ms - - {} - -
UserToken =  cffae343-2aab-41e6-8c19-db80eb176406 GET /api/persons 304 36.783 ms - - {} - -
UserToken =  7b4f6950-cee4-4715-911f-a529a388e7ad GET /api/persons 304 110.468 ms - - {} - -
UserToken =  6bfa04d0-a1a0-41a9-bcea-cfa0301b3248 GET /api/persons 304 42.118 ms - - {} - -
UserToken =  8f0da6f4-ae58-467c-9c79-da0200a0a80d GET /api/persons 304 95.703 ms - - {} - -
UserToken =  6e603bb2-1625-4155-9329-e329fccc38e4 GET /api/persons 304 60.110 ms - - {} - -
UserToken =  05381afa-0b3d-4e1b-8c62-07539089c41b GET /api/persons 200 113.000 ms - 6054 {} - -
UserToken =  62ae70c0-838f-4419-a20c-252a862e06b6 GET /api/persons 304 41.274 ms - - {} - -
UserToken =  6f04abae-acdd-4882-8436-3585224ee8c2 GET /api/persons 304 32.597 ms - - {} - -
UserToken =  8090ad7e-4ef2-4b55-8129-de41c4bc25b3 GET /api/persons 304 39.524 ms - - {} - -
UserToken =  cf466669-1238-4d75-b3ed-da8f29b00e64 GET /api/persons 304 39.698 ms - - {} - -
UserToken =  6f826816-2412-4fe0-8fcc-ccb086abeaa1 GET /api/persons 304 37.717 ms - - {} - -
UserToken =  85141ddc-6c35-4b0c-9e10-92e41b511758 GET /api/persons 304 86.346 ms - - {} - -
UserToken =  fe08b5b4-ddeb-403b-a955-841ee85f918c GET /api/persons 304 44.626 ms - - {} - -
UserToken =  d6393af7-93a5-4f7e-91d5-306b90d6eb06 GET /api/persons 304 207.254 ms - - {} - -
UserToken =  0a94bf8f-a84a-47c5-8f98-5d70511d92ac GET /api/persons 304 37.616 ms - - {} - -
UserToken =  83c6c183-0946-4496-b7e1-bf35c3f02867 GET /api/persons 304 131.043 ms - - {} - -
UserToken =  bee1efc8-92e1-4475-bff7-497951402c9f GET /api/persons 304 40.441 ms - - {} - -
UserToken =  287ba8b2-9079-4ca2-957f-fffd642de237 GET /api/persons 304 45.526 ms - - {} - -
UserToken =  7ac9a6a4-39f4-4cf8-a13f-d8a6c4cbad70 GET /api/persons 304 43.417 ms - - {} - -
UserToken =  59b1ed67-d259-448c-aeec-75957c4df0ed GET /api/persons 304 111.984 ms - - {} - -
UserToken =  65ec45f1-014c-49db-86ea-40846ffd5693 GET /api/persons 304 105.312 ms - - {} - -
UserToken =  0613a132-7910-45a4-9044-fb1959a1510b GET /api/persons 304 668.341 ms - - {} - -
UserToken =  533ace61-6740-420e-92c1-c4bbdac4061a GET /api/persons 200 37.645 ms - 6054 {} - -
UserToken =  291e6eba-fd7e-4785-b355-9ac866962fea GET /api/persons 304 50.752 ms - - {} - -
UserToken =  63ad65df-a938-4d51-a72b-460a46f28cd5 GET /api/persons 304 48.224 ms - - {} - -
UserToken =  97dc2bfe-88af-41ab-a33c-acf3b969e905 GET /api/persons 304 36.841 ms - - {} - -
UserToken =  34d39f04-7e17-4d22-b3ab-3f93d1258d42 GET /api/persons 304 48.852 ms - - {} - -
UserToken =  f339a36e-5035-4aa0-90ba-4b2137162527 GET /api/persons 200 106.801 ms - 6054 {} - -
UserToken =  916710e6-82a3-4ed5-8fce-cddeb79aeb68 GET /api/persons 304 117.006 ms - - {} - -
UserToken =  0b15277c-831e-4550-b545-f9eef4722075 GET /api/persons 304 56.119 ms - - {} - -
UserToken =  ca5a9c42-ecbd-4dbc-8f60-dd06a0a10c86 GET /api/persons 304 98.494 ms - - {} - -
UserToken =  4ebcfafc-07c1-4acb-979c-12fff7780a8e GET /api/persons 200 344.615 ms - 6054 {} - -
UserToken =  86640f20-a390-4813-8c2a-bfe85518bfb8 GET /api/persons 304 109.984 ms - - {} - -
UserToken =  8b1b84ca-18ae-40c6-b540-abce7096cfef GET /api/persons 304 104.735 ms - - {} - -
UserToken =  88c6aae1-fa54-4aeb-ac3f-37af1f5055f3 GET /api/persons 304 43.030 ms - - {} - -
UserToken =  800cb7fb-e55e-4cef-890b-dbbc10d89245 GET /api/persons 304 295.411 ms - - {} - -
UserToken =  5fcd6218-157a-4cf5-83f4-6e3f621f5859 GET /api/persons 304 39.423 ms - - {} - -
UserToken =  b6dd1f51-ac83-46b3-a5bd-cb53249cb339 GET / 304 3.919 ms - - {} - -
UserToken =  64a86364-5535-496f-b076-bce5d0ff3940 GET /static/js/main.ec122ef5.js 304 1.296 ms - - {} - -
UserToken =  82aea8d5-3e86-4b51-9356-d4f2e4b50b50 GET /static/css/main.691b07de.css 304 0.891 ms - - {} - -
UserToken =  0e97c6f8-e4de-4343-a486-c2d9570ca0a2 GET /manifest.json 304 1.536 ms - - {} - -
UserToken =  41d5fb46-25e3-4778-a151-0f7aede7435a GET /favicon.ico 200 3.349 ms - 3870 {} - -
UserToken =  bdc8ef0e-9d25-4564-832d-b7d9b482e60a GET /logo192.png 304 0.765 ms - - {} - -
UserToken =  8e18b45f-da29-4bab-8835-1f1f69009f73 GET /api/persons 304 160.694 ms - - {} - -
UserToken =  d20e897a-096d-4705-8973-cad9ba2fe72e GET /api/persons 304 152.715 ms - - {} - -
UserToken =  179c42e5-ca7d-42fc-9cbb-a9dfe4a7565c GET /api/persons 304 159.301 ms - - {} - -
UserToken =  b810573f-cc2a-4661-88bf-3ed89bcd1a6f GET /api/persons 304 159.931 ms - - {} - -
UserToken =  75d12784-5513-40e1-863a-fbd038d49d8c GET /api/persons 304 164.864 ms - - {} - -
UserToken =  14694592-509f-4e0a-8f70-87492793691f GET /api/persons 200 2482.405 ms - 6054 {} - -
UserToken =  46b46e91-9c94-45b8-a06c-62fcef1f3a56 GET /api/persons 200 779.524 ms - 6054 {} - -
UserToken =  903570e0-d1c4-4121-a768-3f9b25fab43a GET /api/persons 304 2283.681 ms - - {} - -
UserToken =  b33a4bb7-b32f-406d-a32b-6c847fefb068 GET /api/persons 304 171.728 ms - - {} - -
UserToken =  3a502393-3c87-42d0-9024-25edd532c224 GET /api/persons 200 169.466 ms - 6054 {} - -
UserToken =  41ef29b7-ac73-473b-90cf-830e52832e33 GET /api/persons 304 1459.131 ms - - {} - -
UserToken =  907c40ea-666e-415e-8919-d55b749a697f GET /api/persons 200 181.639 ms - 6054 {} - -
UserToken =  ea01d834-3ec5-4e79-b50e-fb95b1e2938d GET /api/persons 304 168.949 ms - - {} - -
UserToken =  ef47d0cc-0529-4ecd-b9ab-e9e9ed12a8c1 GET /api/persons 304 1503.617 ms - - {} - -
UserToken =  5a6f146b-366c-4376-bb29-5920db376244 GET /api/persons 304 1890.062 ms - - {} - -
UserToken =  96185306-8ba4-47bf-a6c3-f161451f1d86 GET /api/persons 200 988.666 ms - 6054 {} - -
UserToken =  04289378-e366-425e-901e-c3806b73d732 GET /api/persons 304 2124.733 ms - - {} - -
UserToken =  87e711bd-bfa9-4e17-9c81-2e2d121e514c GET /api/persons 304 2046.388 ms - - {} - -
UserToken =  231b6274-8f1e-46dc-8690-f43ebb0ab6fe GET /api/persons 304 1170.688 ms - - {} - -
UserToken =  209c147e-21fa-4717-a500-fdf82b3b6be8 GET /api/persons 304 1926.787 ms - - {} - -
UserToken =  eceb93ba-b2ff-4cb7-a062-45e5ea22c068 GET /api/persons 304 1791.952 ms - - {} - -
UserToken =  54811c3e-5d66-42e9-a420-b81b069fb6aa GET /api/persons 200 1464.797 ms - 6054 {} - -
UserToken =  9423d3ea-d71c-4b32-8c87-0fd6ca3bbf9b GET /api/persons 304 1999.603 ms - - {} - -
UserToken =  2b204a59-0560-469c-9cca-87c4b1f928fa GET /api/persons 200 154.874 ms - 6054 {} - -
UserToken =  6733aa69-4fd5-45eb-a3bd-57b37df40516 GET / 304 1.651 ms - - {} - -
UserToken =  4eaa00d1-3d1e-4806-9edf-12913c02aaff GET /static/js/main.ec122ef5.js 304 1.017 ms - - {} - -
UserToken =  dd93fd78-0747-412d-83de-65e9503a5427 GET /static/css/main.691b07de.css 304 0.753 ms - - {} - -
UserToken =  bebcfeda-a562-459a-b3d8-89c78fc3cd05 GET /api/persons 200 165.276 ms - 6054 {"name":"224","number":"3213"} - 35
UserToken =  ec580a88-c3fe-4ec1-89f7-2f9fe57af548 DELETE /api/persons 404 1.291 ms - 153 {"name":"224","number":"3213"} - 35
UserToken =  e33ee4d1-c517-49fe-91ad-48bb895d4054 GET /api/persons 200 292.428 ms - 6054 {"name":"224","number":"3213"} - 35
UserToken =  4102e395-a216-4615-addd-a746a25f23e0 DELETE /api/persons:61fbefa124b465d8932bd6a7 404 0.801 ms - 178 {"name":"224","number":"3213"} - 35
UserToken =  a4d0ecc6-0383-46be-8387-6f920775e4e7 DELETE /api/persons/61fbefa124b465d8932bd6a7 500 1.373 ms - 1489 {"name":"224","number":"3213"} - 35
UserToken =  23f2deb4-2a6f-4aae-b842-1b84822a1842 DELETE /api/persons/61fbefa124b465d8932bd6a7 500 20.120 ms - 1488 {"name":"224","number":"3213"} - 35
UserToken =  0393b44a-13fc-4ac1-94f7-0362d54cb7a6 DELETE /api/persons/61fbefa124b465d8932bd6a7 500 21.726 ms - 1494 {"name":"224","number":"3213"} - 35
UserToken =  a56306ea-6724-4bca-ac16-ea77930d72b2 DELETE /api/persons/61fbefa124b465d8932bd6a7 500 22.071 ms - 1494 {"name":"224","number":"3213"} - 35
UserToken =  f4996614-0679-4c19-8e08-50bea8bf8c8e DELETE /api/persons/61fbefa124b465d8932bd6a7 500 20.447 ms - 1494 {"name":"224","number":"3213"} - 35
UserToken =  493e0b83-86e9-4401-95d1-c4ddb3e931c9 DELETE /api/persons 404 17.238 ms - 153 {"name":"224","number":"3213"} - 35
UserToken =  13b9af19-f299-4eb7-b116-3df2233bb301 DELETE /api/persons/ 404 1.475 ms - 154 {"name":"224","number":"3213"} - 35
UserToken =  2c3aab49-f402-4f31-8a00-fcd8502c6a48 GET /api/persons/ 200 196.764 ms - 6054 {"name":"224","number":"3213"} - 35
UserToken =  0ed1d662-8db8-44bd-a741-ddacc1c45c3d GET /api/persons/ 200 2324.398 ms - 6054 {"name":"224","number":"3213"} - 35
UserToken =  05d0c9dd-aa99-4086-9ac3-09ddf04019a8 GET /api/persons/ 200 2388.688 ms - 6054 {"name":"224","number":"3213"} - 35
UserToken =  e892cdb7-aa12-4a6a-9875-1ddc5ecd9d93 GET /api/persons/ 200 192.550 ms - 6054 {"name":"224","number":"3213"} - 35
UserToken =  d8cac13f-6d04-46c1-9d41-a86a4b19a08d GET /api/persons/ 200 2049.259 ms - 6054 {"name":"224","number":"3213"} - 35
UserToken =  b8e7692b-e6ba-4751-925c-793c836fb0fe GET /api/persons/ 200 155.684 ms - 6054 {"name":"224","number":"3213"} - 35
UserToken =  ae8bf0dd-a559-420c-b473-c7cb2d2f91cf GET /api/persons/ 200 216.290 ms - 6054 {"name":"224","number":"3213"} - 35
UserToken =  61fab908-893b-4319-964a-61cac5e87835 GET /api/persons/ 200 159.737 ms - 6054 {"name":"224","number":"3213"} - 35
UserToken =  f4f7eb79-d9cd-4823-9653-4776a8548874 GET /api/persons/ 200 2411.417 ms - 6054 {"name":"224","number":"3213"} - 35
UserToken =  e78b836d-720b-4934-a022-d1319fa58781 GET /api/persons/ 200 1617.733 ms - 6054 {"name":"224","number":"3213"} - 35
UserToken =  09b4bbab-2d30-4f76-b0d9-730737398e2e DELETE /api/persons/ 404 17.850 ms - 154 {"name":"224","number":"3213"} - 35
UserToken =  cdb2b355-bec0-4442-99f4-f0fd19458107 DELETE /api/persons/ 404 1.110 ms - 154 {"name":"224","number":"3213"} - 35
UserToken =  b08cafb6-70f1-4730-87c9-b92ad4438d63 DELETE /api/persons/213 500 23.915 ms - 1494 {"name":"224","number":"3213"} - 35
UserToken =  38a546cb-e397-41cb-b16e-ba1c8a631a04 DELETE /api/persons/61fbef390e552054856fd654 500 44.381 ms - 1494 {"name":"224","number":"3213"} - 35
UserToken =  9b08fec8-78f8-410c-ba44-44f6ddf7c594 DELETE /api/persons/61fbef390e552054856fd654 500 15.494 ms - 1494 {"name":"224","number":"3213"} - 35
UserToken =  78d3fe55-f55a-4893-83c9-bad5999a11f2 DELETE /api/persons/61fbef390e552054856fd654 500 17.887 ms - 1494 {"name":"224","number":"3213"} - 35
UserToken =  14414f66-5f2b-4295-9fac-95f37ce9a31e DELETE /api/persons/61fbef390e552054856fd654 500 3.464 ms - 1494 {"name":"224","number":"3213"} - 35
UserToken =  a00b26bf-43be-4009-9ac1-921d47ee329e DELETE /api/persons/61fbef390e552054856fd654 500 1.294 ms - 1494 {"name":"224","number":"3213"} - 35
UserToken =  72fdf54f-1964-411d-9f77-24664e2955cd DELETE /api/persons/61fbef390e552054856fd654 500 34.568 ms - 1494 {"name":"224","number":"3213"} - 35
UserToken =  8ac3bf83-d74f-4187-9157-661ab3966251 DELETE /api/persons/61fbef390e552054856fd654 500 31.348 ms - 1494 {"name":"224","number":"3213"} - 35
UserToken =  46478185-e401-491c-93a5-b11c08358058 DELETE /api/persons/61fbef390e552054856fd654 200 29.752 ms - 14 {"name":"224","number":"3213"} - 35
UserToken =  97088b69-cc67-4441-ac1c-4f95e7147365 GET /api/persons 304 189.248 ms - - {} - -
UserToken =  f0647ff0-5394-49ec-9ce8-463f6fd5ec5b DELETE /api/persons/61fbef390e552054856fd654 200 15.679 ms - 14 {"name":"224","number":"3213"} - 35
UserToken =  93b22ee5-5930-495e-af35-1a166bc5f897 GET /api/persons 304 169.723 ms - - {} - -
UserToken =  f7ad8560-fa00-4668-a906-9c05567e0a69 DELETE /api/persons/61fbef390e552054856fd654 200 167.219 ms - 14 {"name":"224","number":"3213"} - 35
UserToken =  4fc1ba68-52a5-4cd6-8a85-0734099a75b3 GET /api/persons 200 199.266 ms - 6020 {} - -
UserToken =  b377eae2-cc46-4902-ae93-702a6c5a83c0 DELETE /api/persons/61fbef6bd371dba044942c71 200 269.217 ms - 14 {"name":"224","number":"3213"} - 35
UserToken =  7ac7287c-d4b8-4c25-8d6a-5ee022cf249f GET /api/persons 200 204.963 ms - 5986 {} - -
UserToken =  74480cd7-a485-4408-a2f8-93df4f07bc9d DELETE /api/persons/61fbefa124b465d8932bd6a7 200 174.902 ms - 14 {"name":"224","number":"3213"} - 35
UserToken =  9b06c028-a63b-43d2-a0b6-3ec8b209bc99 GET /api/persons 200 181.743 ms - 5952 {} - -
UserToken =  b11b74ef-7b8a-4c42-b66d-1d1fa64adb6e DELETE /api/persons/61fbf0579acc68f6312c57b5 200 163.686 ms - 14 {"name":"224","number":"3213"} - 35
UserToken =  ef9d7029-5633-4483-8d03-11384f3ff001 DELETE /api/persons/61fbf0579acc68f6312c57b5 200 163.389 ms - 14 {"name":"224","number":"3213"} - 35
UserToken =  91841f1e-812d-48e5-b618-ca4edafaf7aa GET /api/persons 200 170.689 ms - 5918 {} - -
UserToken =  3e7edefc-bdc4-45c1-8df9-5720f8f7a9a8 GET /api/persons 200 160.360 ms - 5636 {} - -
UserToken =  1703896e-cf69-4059-83c2-5d8d4bea63d3 DELETE /api/persons/61fbf0579acc68f6312c57b5 200 174.372 ms - 14 {"name":"224","number":"3213"} - 35
UserToken =  0bcf8435-f36b-4f45-a6f9-74db913171a0 GET /api/persons 304 280.037 ms - - {} - -
UserToken =  faef63f1-af0e-43df-a1c3-eb28fb0c0c74 DELETE /api/persons/61fbf070cc854d8f63965d44 200 162.479 ms - 14 {"name":"224","number":"3213"} - 35
UserToken =  d884ca1c-66b1-43cf-bf47-f77943412dba DELETE /api/persons/61fbf070cc854d8f63965d44 200 155.544 ms - 14 {"name":"224","number":"3213"} - 35
UserToken =  a784ad55-68c4-479f-a3a4-8d05b437d78f GET /api/persons 200 280.343 ms - 5602 {} - -
UserToken =  4b56df0b-4070-4c4f-a894-5f0ee2fc0fbc DELETE /api/persons/61fc19e68a7ac9ddce02004b 200 223.166 ms - 14 {"name":"224","number":"3213"} - 35
UserToken =  2776b30f-f786-49bf-9a3f-f614f11d453b DELETE /api/persons/61fc19e68a7ac9ddce02004b 200 168.452 ms - 14 {"name":"224","number":"3213"} - 35
UserToken =  b680437c-c8ca-43d8-832b-f7a9ae5084e5 GET /api/persons 200 168.688 ms - 5548 {} - -
UserToken =  8dc764b3-0b27-4a5d-a052-d9b275d27989 DELETE /api/persons/61fc19e68a7ac9ddce02004b 200 2370.171 ms - 48 {"name":"224","number":"3213"} - 35
UserToken =  2950d73d-18e9-4c4b-9a7d-3fa2461d48da GET /api/persons 304 172.549 ms - - {} - -
UserToken =  b1ec5dd5-1ed2-4bc4-8b4e-086d5bad106c DELETE /api/persons/61fc1a6c15a659c339bf24bb 200 200.440 ms - 48 {"name":"224","number":"3213"} - 35
UserToken =  699b9c08-f3b0-429f-96ee-b95e4a3f363f GET /api/persons 200 172.282 ms - 5494 {} - -
UserToken =  b22fe2ae-ec44-402e-990d-d2012fcc2886 DELETE /api/persons/61fc1a6c15a659c339bf24bb 200 993.767 ms - 48 {"name":"224","number":"3213"} - 35
UserToken =  479c225d-fdae-4100-a07b-9bd02e45fb3f DELETE /api/persons/61fc35bc854158a28fa149d4 200 186.567 ms - 48 {"name":"224","number":"3213"} - 35
UserToken =  dc62ccbe-16dc-4190-8be2-4db3639bfc2b PUT /api/persons/61fc21c2d9ba8ba60a3c3247 200 226.987 ms - 67 {"name":"Ahtona","number":"32321312"} - 42
UserToken =  cd163455-a277-40ab-96b8-42188d0c28d6 GET /api/persons 200 272.576 ms - 5433 {} - -
UserToken =  7b362093-4e38-4a3c-805e-a0ff7c42f5cc PUT /api/persons/61fc21c2d9ba8ba60a3c3247 200 410.554 ms - 67 {"name":"Ahtona","number":"32321312"} - 42
UserToken =  46b87bf8-ae92-4869-b1e7-80a6af54270b GET /api/persons 200 168.577 ms - 5435 {} - -
UserToken =  9f6cc3d6-4279-493c-bb4a-5a4c292d94c6 POST /api/persons/61fc21c2d9ba8ba60a3c3247 404 1.622 ms - 176 {"name":"Oskuna","number":"3123123213"} - 44
UserToken =  8124e220-a003-48e5-8761-b2a34eaffcf0 POST /api/persons/ 200 155.450 ms - 69 {"name":"Oskuna","number":"3123123213"} - 44
UserToken =  d7d654c8-5848-4cca-9b8d-1285be7fc8be POST /api/persons/ 200 222.751 ms - 69 {"name":"Oskuna","number":"3123123213"} - 44
UserToken =  30b5beed-4be7-4263-a91d-15972fa27dfd GET /api/persons 200 219.674 ms - 5575 {} - -
UserToken =  1bef97c2-7d02-4cfa-b038-01518a4d495e DELETE /api/persons/61fc09c74e0dfe2b8785a069 200 186.193 ms - 48 {} - 0
UserToken =  d9229536-e64d-466a-bb9f-18039f1d1198 GET /api/persons 200 226.087 ms - 5508 {} - -
UserToken =  71219bb3-f67e-4810-b665-208baa2d7708 DELETE /api/persons/620129c5e074fd92fa6284f7 200 170.579 ms - 48 {} - 0
UserToken =  5d15896e-8f94-47ee-aab5-be4d17a5b016 GET /api/persons 200 256.734 ms - 5438 {} - -
UserToken =  7249fb6c-5e6e-4d64-9237-6661fd1645ff GET /api/persons 304 190.341 ms - - {} - -
UserToken =  67aebd5e-a5c6-4eac-b219-1ab853efc321 POST /api/persons 200 199.459 ms - 69 {"name":"Laurana","number":"883213213"} - 39
UserToken =  3e00c965-770c-4e9c-b8d6-aeba86af1476 GET /api/persons 200 192.073 ms - 5508 {} - -
UserToken =  df1cdeb8-cc66-4489-9d45-66124fc4acba GET /api/persons 304 172.207 ms - - {} - -
UserToken =  0db04b7b-c458-4c52-9a82-5e74ff3ab8b9 GET /api/persons 200 1544.834 ms - - {} - -
UserToken =  8ebc4eac-08e3-4e72-a6bb-106941df2a3b GET /api/persons 500 5.276 ms - 132 {} - -
UserToken =  6521015a-874e-4b92-b29d-8ca993f70111 GET /api/persons 500 1.308 ms - 132 {} - -
UserToken =  b594719d-1ac0-46c1-9575-639f4b2be756 GET /api/persons 500 2.850 ms - 132 {} - -
UserToken =  a0d4c354-bb2d-4ec0-bdc0-efb06721c6e4 GET /api/persons 200 209.992 ms - 5508 {} - -
UserToken =  f2165ea0-09e2-4acb-b572-87223e08631e GET /api/persons 500 7.063 ms - 131 {} - -
UserToken =  b2142409-5c48-479d-8a4e-ce91719a8862 GET /api/persons 500 4.828 ms - 1480 {} - -
UserToken =  7aea73f0-ac57-4d06-adac-b9f1848b09da GET /api/persons 200 189.846 ms - 5508 {} - -
UserToken =  2f482e18-2dde-46a0-93d4-d6ee431f68a2 GET /api/persons 200 2816.027 ms - 5508 {} - -
UserToken =  f507ad7d-3655-4e1e-98a0-33763071166a GET /api/persons 200 1739.455 ms - 5508 {} - -
UserToken =  b1c4f1ae-3538-4d86-b058-3e8312fef5fc GET /api/persons 200 181.021 ms - 5508 {} - -
UserToken =  e5f46af4-79b7-4d9c-baa7-2ea7e016a261 GET /api/persons 304 1907.289 ms - - {} - -
UserToken =  a72eeb62-d93b-4a06-8b3c-9ed7bc7f7376 POST /api/persons/ 200 191.205 ms - 69 {"name":"Oskuna","number":"3123123213"} - 44
UserToken =  8c7fa31b-8e8f-45ce-8d3a-74beb5df1381 POST /api/persons/ 200 154.032 ms - 69 {"name":"Oskuna","number":"3123123213"} - 44
UserToken =  7831cb58-fb37-435e-969d-0f4538ce4a6d POST /api/persons/ 200 391.788 ms - 69 {"name":"Oskuna","number":"3123123213"} - 44
UserToken =  be12f7e7-6001-4fce-8706-ae36e779573a POST /api/persons/ 200 318.294 ms - 69 {"name":"Oskuna","number":"3123123213"} - 44
UserToken =  132531cc-1718-4f01-9812-64095b2a4b18 GET /api/persons 200 224.406 ms - 5788 {} - -
UserToken =  8f4aaed7-23ac-447f-9ad6-90048b7cd286 POST /api/persons/ 200 363.013 ms - 69 {"name":"Oskuna","number":"3123123213"} - 44
UserToken =  a1494104-1f00-475c-8ae7-1283c3e2985c POST /api/persons/ 200 303.010 ms - 69 {"name":"Oskuna","number":"3123123213"} - 44
UserToken =  7d8e5b45-7feb-486d-97cf-3818a5b777be POST /api/persons/ 200 1196.115 ms - 69 {"name":"Oskuna","number":"3123123213"} - 44
UserToken =  dae3bdb4-c55f-446f-bdf2-bf9ed0f19e5c POST /api/persons/ 200 154.768 ms - 69 {"name":"Oskuna","number":"3123123213"} - 44
UserToken =  8a1ce96c-3be2-498d-9865-5b6a69a96cb8 POST /api/persons/ 200 151.511 ms - 69 {"name":"Oskuna","number":"3123123213"} - 44
UserToken =  d2f2c4e4-9bb9-4572-9f07-8ea82f7e2884 POST /api/persons/ 200 170.933 ms - 69 {"name":"Oskuna","number":"3123123213"} - 44
UserToken =  9cd4bfe5-4b12-4584-a036-eaba10c58dfe POST /api/persons/ 200 237.973 ms - 69 {"name":"Oskuna","number":"3123123213"} - 44
UserToken =  70c93d65-e4fb-4e19-beee-dba330f906b0 GET /api/persons 200 168.642 ms - 141 {} - -
UserToken =  c0377edc-220a-4e60-acee-3766b81f2009 DELETE /api/persons/620132636ec70e6080eea01c 200 159.635 ms - 48 {} - 0
UserToken =  3313f2b9-55f1-4013-9269-0586592776c5 GET /api/persons 200 191.184 ms - 71 {} - -
UserToken =  5fa34182-726a-4b45-8520-9fe81455cfaf GET /api/persons 304 149.403 ms - - {} - -
UserToken =  d0d8cae6-d383-4307-acfa-3b12e219669a GET /api/persons 304 168.789 ms - - {} - -
UserToken =  50c1d107-171f-40cf-8695-cee2077e6745 POST /api/persons/ 500 203.318 ms - 1404 {"name":"Oskuna","number":"3123123213"} - 44
UserToken =  553c728e-5e8c-442b-a108-7888fa0cfb0d POST /api/persons/ 500 290.011 ms - 1404 {"name":"Oskuna","number":"3123123213"} - 44
UserToken =  824735fc-1ddb-4b0d-9df4-7faf4a482155 GET /api/persons 304 154.855 ms - - {} - -
UserToken =  93bdc4ff-bfca-4fa5-b71f-e6a6571e598e POST /api/persons/ 500 298.319 ms - 1404 {"name":"Oskuna","number":"3123123213"} - 44
UserToken =  98eb52cb-4111-41e9-ba60-8066f2992419 POST /api/persons/ 500 179.524 ms - 1404 {"name":"Oskuna","number":"3123123213"} - 44
UserToken =  80d0e925-f11e-42c0-9514-db3200a817ea POST /api/persons/ 500 159.405 ms - 1404 {"name":"Oskuna","number":"3123123213"} - 44
UserToken =  c39a7abc-e3fe-4d1f-a00c-6b01323962f6 POST /api/persons/ 500 2311.078 ms - 1404 {"name":"Oskuna","number":"3123123213"} - 44
UserToken =  8b0d712c-eaf2-4c8f-af43-cae6992d7dba POST /api/persons/ 500 173.867 ms - 1404 {"name":"Oskuna","number":"3123123213"} - 44
UserToken =  d36482c8-bdd6-4fdc-bb90-d12d32e9b09a POST /api/persons/ 500 1008.361 ms - 1404 {"name":"Oskuna","number":"3123123213"} - 44
UserToken =  fda9d2f6-f418-4269-8a73-b98d1d3f9874 POST /api/persons/ - - ms - - {"name":"Oskuna","number":"3123123213"} - 44
UserToken =  662f22ad-6cdd-475c-9e46-82e6094636fc POST /api/persons/ - - ms - - {"name":"Oskuna","number":"3123123213"} - 44
UserToken =  95bc5d36-168d-49d9-9a3a-8b3b37815b80 GET /api/persons 304 160.620 ms - - {} - -
UserToken =  e05c42a0-94cd-4651-ab2b-59337ba8c634 POST /api/persons/ 409 1141.415 ms - 77 {"name":"Oskuna","number":"3123123213"} - 44
UserToken =  150494a9-1341-4beb-a3af-0c81ed021495 POST /api/persons/ 409 1586.035 ms - - {"name":"Oskuna","number":"3123123213"} - 44
UserToken =  62a32f3a-6cc9-4e6a-92a4-6728f953c092 POST /api/persons/ 409 2254.651 ms - 11 {"name":"Oskuna","number":"3123123213"} - 44
UserToken =  9d2c8069-bffd-4ecd-adb9-f6f93948bba5 GET /api/persons 304 180.962 ms - - {} - -
UserToken =  9b0450b0-46af-4324-8ce5-d166ff62368d GET /api/persons 304 175.942 ms - - {} - -
UserToken =  fc287700-8d6e-4bbb-9488-cc3e703f72c0 POST /api/persons 400 4.773 ms - 50 {"name":"Osamah","number":"1"} - 30
UserToken =  52bf720a-4429-4d71-8447-de7491e580b2 GET /api/persons 304 190.937 ms - - {} - -
UserToken =  c3ffe5e3-ed13-4d64-9b93-c847aa1936c2 POST /api/persons 500 18.861 ms - 1587 {"name":"dsd","number":"dsad"} - 30
UserToken =  216d48b4-1aa1-4ade-a024-3e8d76266715 GET /api/persons 304 2175.668 ms - - {} - -
UserToken =  4b963b38-a088-480b-b3b1-6b8a97e28dc2 GET /api/persons 200 157.965 ms - 71 {} - -
UserToken =  9b3871dd-a6bb-4058-8e3d-cd9705e1eb9d POST /api/persons 200 178.582 ms - 65 {"name":"Osamah","number":"434324"} - 35
UserToken =  9fb0c870-8f27-4794-85a7-1ea18fabf1be GET /api/persons 200 211.737 ms - 137 {} - -
UserToken =  37351877-7099-4ef3-ab39-825f84ded9f0 PUT /api/persons/6201358b0e89612513b21e04 400 165.263 ms - 50 {"name":"Osamah","number":"12"} - 31
UserToken =  d2473ad1-535c-4419-854e-e0910185231d GET /api/persons 304 156.073 ms - - {} - -
UserToken =  5329f372-26c1-4863-be4f-c4cad5bcdca7 PUT /api/persons/6201358b0e89612513b21e04 200 307.971 ms - 65 {"name":"Osamah","number":"434324"} - 35
UserToken =  552fadfe-12d0-4e57-a100-ee18399dee09 GET /api/persons 304 149.797 ms - - {} - -
UserToken =  b92ebd61-4774-4998-ac35-42149dfee610 PUT /api/persons/6201358b0e89612513b21e04 200 304.189 ms - 65 {"name":"Osamah","number":"434324"} - 35
UserToken =  a3b6188c-9335-4e39-84c2-fcaf449d3ff6 GET /api/persons 304 154.232 ms - - {} - -
UserToken =  8fba7e29-4f45-4fb7-abd5-28aa5829b705 PUT /api/persons/6201358b0e89612513b21e04 400 170.504 ms - 50 {"name":"Osamah","number":"12"} - 31
UserToken =  b1776712-89fd-462f-b252-0480ac5957f9 GET /api/persons 304 166.489 ms - - {} - -
UserToken =  06c536b7-829a-4a4b-b351-88be14120033 PUT /api/persons/6201358b0e89612513b21e04 200 358.671 ms - 64 {"name":"Osamah","number":"12345"} - 34
UserToken =  f6152192-5b5e-444c-9481-060dd907a462 GET /api/persons 200 147.096 ms - 136 {} - -
UserToken =  6cdbca3d-20a3-4a9a-a09f-64051df7ab12 GET /api/info 200 0.953 ms - 106 {} - -
UserToken =  8bb07db4-e542-4f62-b482-908e2da1bd64 GET /api/info 200 0.383 ms - 106 {} - -
UserToken =  5b04ccfd-ec59-4194-9c28-849ce4d97906 GET /favicon.ico 304 2.009 ms - - {} - -
UserToken =  2e4c6a78-ced8-4899-9ca7-f647a360771a GET /api/info 304 0.696 ms - - {} - -
UserToken =  9c4bd479-6004-4be8-bfb9-e1cc5cb44bd6 GET /favicon.ico 304 0.961 ms - - {} - -
UserToken =  9b0e51a0-114a-4ba9-9f9d-cf56413b37f8 POST /api/persons 200 174.398 ms - 63 {"name":"dsad","number":"324234"} - 33
UserToken =  3bd9fdb6-59c5-49e1-a688-71244ed5a0dd GET /api/info 200 0.358 ms - 106 {} - -
UserToken =  c2a211ec-edd8-4d7b-bc4c-8f36845f5d84 GET /favicon.ico 304 0.481 ms - - {} - -
UserToken =  19266597-cb0a-4473-bf07-1078ae755023 GET /api/info 200 0.464 ms - 106 {} - -
UserToken =  eca95f1c-b0bd-41ea-a485-bd5689731d9e GET /favicon.ico 304 0.942 ms - - {} - -
UserToken =  02f1f031-7b8a-4072-af46-abee844a242f GET /api/info 200 1410.144 ms - 105 {} - -
UserToken =  2e10e617-c0be-4013-bc2e-d14aadaad62b GET /favicon.ico 304 2.269 ms - - {} - -
UserToken =  913d2137-16fd-4d11-850b-1d53604e6af8 GET /api/persons 200 157.681 ms - 200 {} - -
UserToken =  a68dae26-481c-40cd-9104-0229e986f5f3 GET /api/persons 200 1579.021 ms - 200 {} - -
UserToken =  973cf067-0ac3-4a59-bc84-8e97f7bf726e PUT /api/persons/6201358b0e89612513b21e04 200 335.993 ms - 62 {"name":"Osamah","number":"123"} - 32
UserToken =  20f0d988-6a8c-4460-925c-be67ffcb601f GET /api/persons 200 170.006 ms - 198 {} - -
UserToken =  db736a0f-e223-4c91-a0e3-c79d1e45d56f PUT /api/persons/6201358b0e89612513b21e04 200 302.171 ms - 62 {"name":"Osamah","number":"123"} - 32
UserToken =  9a373c18-0292-41ad-b8ef-77e4f5ba1720 GET /api/persons 304 186.018 ms - - {} - -
UserToken =  dcbf696b-3e99-453a-aab2-69717b9627f9 PUT /api/persons/6201358b0e89612513b21e04 400 150.786 ms - 50 {"name":"Osamah","number":"12"} - 31
UserToken =  64bd12e3-3184-4598-90d1-fe4ac39eca6f GET /api/persons 304 148.045 ms - - {} - -
UserToken =  5fdffb2a-5822-4944-81b1-a0febdc0a028 GET /api/persons 304 2187.406 ms - - {} - -
UserToken =  37fed808-d0ee-41b1-9843-0f46017c3c29 PUT /api/persons/6201358b0e89612513b21e04 400 247.243 ms - 50 {"name":"Osamah","number":"12"} - 31
UserToken =  41faccf2-ec4a-4fe3-a799-5e6b5a974572 GET /api/persons 304 215.333 ms - - {} - -
UserToken =  d459843c-356e-4ff6-8f12-6e4de90c2a90 GET /api/persons 304 2189.340 ms - - {} - -
UserToken =  47e273ef-cabe-4125-b149-b51be19d7ceb GET /api/persons 304 1894.250 ms - - {} - -
UserToken =  1d31da57-383e-41ad-b2d7-ca36407b99ce GET /api/persons 304 173.775 ms - - {} - -
UserToken =  c1d7a344-f493-4d4a-9414-b7cc3cb8a14e GET /api/persons 200 176.378 ms - 198 {} - -
UserToken =  e1793117-2bdf-40d1-a391-3da76bfd3feb GET /api/persons 304 149.898 ms - - {} - -
UserToken =  4696686b-f222-418a-bb44-0f7126757f01 GET /api/persons 304 164.649 ms - - {} - -
UserToken =  41ff3737-a076-4290-abb6-8382637e4551 GET /api/persons 304 178.978 ms - - {} - -
UserToken =  3470f6f1-481e-4c54-b3ef-8ae1eba81450 POST /api/persons 400 15.918 ms - 50 {"name":"ddd","number":"32"} - 28
UserToken =  a1c77275-7e42-4bbe-af45-4321a160269b GET /api/persons 304 151.555 ms - - {} - -
UserToken =  39338602-f5c9-49f2-b136-121b62c7dd7b POST /api/persons 400 3.006 ms - 50 {"name":"dsd","number":"3233"} - 30
UserToken =  96a132c0-8a26-48c9-a4b5-b8c7e89071a6 GET /api/persons 304 158.678 ms - - {} - -
UserToken =  48af37e7-c21f-46ab-adea-be2a96e5f762 GET /api/persons 304 209.445 ms - - {} - -
UserToken =  2455ee8f-2e64-41eb-a90f-b51e5771aeb1 PUT /api/persons/620136fd0e89612513b21e14 400 152.002 ms - 50 {"name":"dsad","number":"12"} - 29
UserToken =  03018e16-23d4-4c18-942e-8050ed507080 GET /api/persons 304 145.751 ms - - {} - -
UserToken =  64eb8849-2d9f-4363-b98d-e50d822c5575 PUT /api/persons/620136fd0e89612513b21e14 400 157.673 ms - 50 {"name":"dsad","number":"12"} - 29
UserToken =  abd01b80-aabe-47ba-80b5-6abb00544637 GET /api/persons 304 148.892 ms - - {} - -
UserToken =  84f13382-de32-4977-b323-7b1fbde9d77a GET /api/persons 304 146.925 ms - - {} - -
UserToken =  5b14cc57-29f4-4622-8fa2-b088b75a7e03 PUT /api/persons/6201358b0e89612513b21e04 400 164.672 ms - 50 {"name":"Osamah","number":"21"} - 31
UserToken =  fe2f71b8-b249-4713-af34-fce905457e4d GET /api/persons 304 172.801 ms - - {} - -
UserToken =  455f0934-b0a6-483d-b345-7c28e6f06ca5 GET /api/persons 304 149.760 ms - - {} - -
UserToken =  c1af0e48-a4d1-40e2-b4ab-8f6dae0f6c45 GET /api/persons 304 150.721 ms - - {} - -
UserToken =  b8de1063-fb6c-416d-9e4b-6d512fa38399 GET /api/persons 304 150.798 ms - - {} - -
UserToken =  67df1602-0477-4cdd-8ce0-f1842d38f700 POST /api/persons 400 2.335 ms - 33 {"name":"","number":""} - 23
UserToken =  2cbf0f86-1cbf-44d1-8027-9cabb3e10a29 GET /api/persons 200 158.830 ms - 198 {} - -
UserToken =  2beb6c0a-5fc3-45ee-93f5-f2d70c342398 GET /api/persons 304 150.091 ms - - {} - -
UserToken =  bb941b1e-a61c-4256-9b31-cc2e45e0d590 GET /api/info 200 144.454 ms - 105 {} - -
UserToken =  9e94ee68-8f1b-48c5-be81-04fdc1649aa6 GET /favicon.ico 304 2.449 ms - - {} - -
UserToken =  1a1ba1ea-d110-4b32-ae0f-d536053a4383 POST /api/persons 400 17.079 ms - 33 {"name":"","number":""} - 23
UserToken =  3c26e7cd-1660-4b1b-a930-730cdc510904 GET /api/persons 200 172.632 ms - 198 {} - -
UserToken =  8ffdc32f-94d1-4da7-b285-d44332ae4283 POST /api/persons 400 20.949 ms - 33 {"name":"","number":""} - 23
UserToken =  362d51bf-fa50-4b4a-a056-f8f1b87c1136 GET /api/persons 304 186.877 ms - - {} - -
UserToken =  25955b47-3e8f-4feb-97a6-f4e8472a1308 PUT /api/persons/6201358b0e89612513b21e04 400 165.121 ms - 50 {"name":"Osamah","number":"435345"} - 35
UserToken =  b5c1cacc-03e9-4b25-8f5e-69bdb9a30b40 GET /api/persons 304 162.405 ms - - {} - -
UserToken =  7c610df8-a0e9-4504-83a3-53966cd14373 GET /api/persons 304 2446.143 ms - - {} - -
UserToken =  14eed3c7-249b-4bcf-aeb8-7ad9f3058680 GET /api/persons 304 2032.033 ms - - {} - -
UserToken =  43db5448-f566-422b-a2bd-7b035b64ff77 GET /api/persons 200 1137.668 ms - 198 {} - -
UserToken =  7d924043-a7cb-42d2-b141-a46d26842e40 POST /api/persons 400 15.958 ms - 33 {"name":"","number":""} - 23
UserToken =  98bef464-0f0d-4815-8b8b-1b04e944d530 GET /api/persons 304 1760.157 ms - - {} - -
UserToken =  d2c7daf1-671a-4c16-a0f2-917b989dc657 GET /api/persons 200 209.837 ms - 198 {} - -
UserToken =  0f31ca28-161c-4725-a5c7-c067da53a09f PUT /api/persons/620136fd0e89612513b21e14 400 181.033 ms - 50 {"name":"dsad","number":"43"} - 29
UserToken =  a2ffe167-7617-4a87-a35b-d7556570c31f GET /api/persons 304 152.655 ms - - {} - -
UserToken =  0969d7d1-f2bb-4f9c-82a4-c192f5cb82a1 PUT /api/persons/620136fd0e89612513b21e14 400 182.801 ms - 50 {"name":"dsad","number":"21"} - 29
UserToken =  853bdeb7-5838-4c44-b40e-b22aeff2372b GET /api/persons 304 182.339 ms - - {} - -
UserToken =  56e82c83-c893-4d7f-b738-a6df93a8c915 GET /api/persons 304 2315.333 ms - - {} - -
UserToken =  dd867f22-addb-4724-bf8d-9ca1c05af52d PUT /api/persons/620136fd0e89612513b21e14 400 185.286 ms - 50 {"name":"dsad","number":"21"} - 29
UserToken =  ced324da-22ef-482f-8b2a-a0bab0a92a95 GET /api/persons 304 170.993 ms - - {} - -
UserToken =  a427cddb-3b37-4a7d-b908-45dc867e6dc8 POST /api/persons 400 6.129 ms - 33 {"name":"","number":""} - 23
UserToken =  8fa5414a-ca5d-4862-8c07-d91251842d1b GET /api/persons 304 2618.393 ms - - {} - -
UserToken =  5c9e2a66-66f0-4de4-a832-40f74e0829fd GET /api/persons 304 2455.249 ms - - {} - -
UserToken =  ed146bf5-52c0-4384-a18b-df21ec301b4e GET /api/persons 200 1459.393 ms - 198 {} - -
UserToken =  4234e649-01fb-4a16-8fea-dbcbef3f7fce GET /api/persons 200 1116.971 ms - 198 {} - -
UserToken =  b0467469-c0e2-45da-bea8-935892e92f20 GET /api/persons 200 848.227 ms - 198 {} - -
UserToken =  acc66f96-fa30-4570-867e-235349a1933e POST /api/persons 400 23.433 ms - 33 {"name":"","number":""} - 23
UserToken =  43225b18-f949-4ced-8fe8-0b190dfa736c GET /api/persons 304 155.477 ms - - {} - -
UserToken =  33a5ee18-53b9-4247-a4bb-9d5c85f52262 POST /api/persons 400 3.328 ms - 33 {"name":"","number":""} - 23
UserToken =  75cb46af-ad59-41a6-885f-e812ce20b748 GET /api/persons 200 243.486 ms - 198 {} - -
UserToken =  893d9334-b5b3-489a-aa7b-b5f27e91d931 GET /api/persons 304 153.126 ms - - {} - -
UserToken =  4c37d931-b386-49a7-8b6e-97de570328a1 GET /api/persons 304 2101.946 ms - - {} - -
UserToken =  7df2679d-3c48-4cb3-bb72-25f9ad362c38 GET /api/persons 304 2563.209 ms - - {} - -
UserToken =  7fb8ac49-4c80-46f6-82f1-34ef52c2969d GET /api/persons 200 1431.274 ms - 198 {} - -
UserToken =  1ba6c370-e29d-4328-85f0-247fcc1e236e POST /api/persons 400 17.726 ms - 33 {"name":"","number":""} - 23
UserToken =  af812e11-bb7c-4c26-92b9-660ba99b5cd2 GET /api/persons 200 2074.109 ms - 198 {} - -
UserToken =  472f2b66-abf2-438c-8bdd-9182eae28d70 POST /api/persons 400 16.353 ms - 33 {"name":"","number":""} - 23
UserToken =  309cd951-168d-4e91-ac89-6e46f9c5f6d5 GET /api/persons 304 177.123 ms - - {} - -
UserToken =  6b13736d-5b6c-4fee-9621-0fd7840d46b7 DELETE /api/persons/620132616ec70e6080eea01a 200 181.164 ms - 48 {} - 0
UserToken =  fc137b52-0b15-4c9b-b124-5455437fac48 GET /api/persons 200 171.424 ms - 128 {} - -
UserToken =  104212d0-b718-4642-b7bb-36215aa63106 POST /api/persons 400 4.196 ms - 50 {"name":"Ahtona","number":"884324"} - 35
UserToken =  3249db1d-bf40-4bfb-bf23-864225b629f4 POST /api/persons 500 23.596 ms - 1597 {"name":"Ahtona","number":"094-8877234234"} - 43
UserToken =  00789fe2-34f3-4d4c-92c9-f835e4360ced POST /api/persons 500 10.489 ms - 1597 {"name":"Ahtona","number":"094-8877234234"} - 43
UserToken =  9fe550f7-a68c-4cc8-9c55-d8048ae8c6df POST /api/persons 500 7.568 ms - 1595 {"name":"Ahtona","number":"040-22334455"} - 41
UserToken =  1ad6cffc-296d-4d1b-ae16-d9350f176c22 POST /api/persons 500 36.945 ms - 1595 {"name":"Ahtona","number":"040-22334455"} - 41
UserToken =  e12ba999-684e-4519-babc-636248ccdd94 GET /api/persons 304 2449.736 ms - - {} - -
UserToken =  c2157ce9-6941-4f71-83bf-4e4b55768540 GET /api/persons 200 1013.529 ms - 132 {} - -
UserToken =  935ee14e-fc8d-4451-8a01-e8946dd3ced6 PUT /api/persons/6201358b0e89612513b21e04 200 384.096 ms - 73 {"name":"Osamah","number":"040-22334455"} - 41
UserToken =  484c1f85-191d-44f6-b0a9-7e5125f8009f GET /api/persons 200 151.445 ms - 141 {} - -
UserToken =  5d534ab6-6ceb-4762-9d82-b321dd373f37 POST /api/persons 200 224.987 ms - 72 {"name":"fsdff","number":"040-22334455"} - 40
UserToken =  1b9ade4c-cd68-410a-8324-2fd5f8134081 POST /api/persons 400 5.559 ms - 33 {"name":"","number":""} - 23
UserToken =  8f725f07-6d2f-4292-8a17-631c4d593c67 POST /api/persons 400 20.502 ms - 33 {"name":"","number":""} - 23
UserToken =  5da57994-20e2-4bdb-85d7-9ea9bed640f1 GET /api/persons 200 2581.320 ms - 214 {} - -
UserToken =  cff42119-2fa3-4e8f-9830-ec32f1e8faf7 GET /api/persons 304 2516.456 ms - - {} - -
UserToken =  8504a831-4f33-47d7-ae83-18c2aad5fc48 GET /api/persons 200 2393.011 ms - 214 {} - -
UserToken =  9022a056-e699-4276-bc8f-1f0a5404e123 GET /api/persons 304 154.899 ms - - {} - -
UserToken =  e0fdef1e-a8c5-4852-a5da-9d9b57b4b34f POST /api/persons 400 16.047 ms - 33 {"name":"","number":""} - 23
UserToken =  ebc9184f-e8d7-441e-8467-bc0594e8f81b PUT /api/persons/6201358b0e89612513b21e04 200 341.617 ms - 73 {"name":"Osamah","number":"040-22334455"} - 41
UserToken =  76d3d460-0c7a-4eb8-87a4-7f3d6f91fbf2 GET /api/persons 304 150.401 ms - - {} - -
UserToken =  37dac22c-1046-4132-8ff6-cf7d5bc432d4 GET /api/persons 304 2042.990 ms - - {} - -
UserToken =  68ea1406-9d4c-444d-ae49-7f2c533ac4c7 GET /api/persons 200 227.598 ms - 214 {} - -
UserToken =  cbef8b68-73d9-4c27-bf05-4c424d2e34ed GET /api/persons 304 149.454 ms - - {} - -
UserToken =  d0b5bf67-9376-4802-a4bc-58b4a7c9dc56 GET /api/persons 304 148.272 ms - - {} - -
UserToken =  65d8a1ff-99cc-43e6-94a8-3468eddfb356 GET /api/persons 304 144.834 ms - - {} - -
UserToken =  6be4ea01-f113-4b87-93cd-3f59f5ded368 GET /api/persons 304 144.850 ms - - {} - -
UserToken =  49edd732-2cc2-4c13-927f-addd551277b8 GET /api/persons 304 180.515 ms - - {} - -
UserToken =  0775f601-3272-4e93-8b7f-008783cf89bb PUT /api/persons/6201358b0e89612513b21e04 200 342.151 ms - 73 {"name":"Osamah","number":"040-22334455"} - 41
UserToken =  ded3453a-330e-4374-a193-60211d25801f GET /api/persons 304 145.785 ms - - {} - -
UserToken =  7d82cd3a-2bd2-495f-ade6-a0bc25c8b73c GET /api/persons 304 235.874 ms - - {} - -
UserToken =  292d9bcc-0bc0-4a34-83da-99651377598b GET /api/persons 304 179.974 ms - - {} - -
UserToken =  3e94e519-f3a9-4186-a967-05d82bab2b64 GET /api/persons 304 148.259 ms - - {} - -
UserToken =  d7b7dd8f-a324-4161-847c-1ecb64aad49a GET /api/persons 304 164.709 ms - - {} - -
UserToken =  4c0074b9-5f91-4fd0-93d5-fbae28338c8e GET / 200 4.439 ms - 644 {} - -
UserToken =  3acc7714-aa61-4554-a40a-9365f6dc3d73 GET /static/css/main.691b07de.css 200 1.876 ms - 167 {} - -
UserToken =  4afca426-afb1-40ef-a9d6-09d146473ab1 GET /static/js/main.a35baf0d.js 200 2.698 ms - 152514 {} - -
UserToken =  5bb1d7e5-7aa3-4146-8ca2-973d80b9bcc6 GET /static/css/main.691b07de.css.map 200 1.533 ms - 434 {} - -
UserToken =  9fba8727-814c-407d-94ae-f577dde97e22 GET /static/js/main.a35baf0d.js.map 200 1.027 ms - 415395 {} - -
UserToken =  b7afc6d6-225b-48f9-8904-45c29c824801 GET /manifest.json 304 1.156 ms - - {} - -
UserToken =  d9f08d8d-9d4d-4f54-8c70-4a58fb145481 GET /logo192.png 304 1.736 ms - - {} - -
UserToken =  a1b20f6f-db70-4359-bb37-d3cbd4906f9c GET /api/persons 200 168.100 ms - 214 {} - -
UserToken =  ab17779b-0805-4f8b-8760-dc3d415902ef GET /api/persons 200 150.312 ms - 140 {} - -
UserToken =  bd6005a8-a9d2-4248-a54a-1884377e91ee GET / 304 2.206 ms - - {} - -
UserToken =  5ba2430e-7630-4d56-a8fb-343e64d5d839 GET /static/js/main.a35baf0d.js 304 0.858 ms - - {} - -
UserToken =  94170355-8d8c-47ec-9729-c93c5fa35c32 GET /static/css/main.691b07de.css 304 0.512 ms - - {} - -
UserToken =  a265562b-2044-4cce-abfe-e33fc95cb273 GET /manifest.json 304 0.591 ms - - {} - -
UserToken =  900da2c2-8920-4f2e-9c4a-659c8fcf46d7 GET /logo192.png 304 0.693 ms - - {} - -
UserToken =  74d6a48a-ee19-42ef-8956-e5580c279b84 GET /api/persons 200 186.731 ms - 140 {} - -
UserToken =  0508d7c6-b23d-4a9a-b3d9-58463b950104 GET /uudsa 404 1.742 ms - 144 {} - -
UserToken =  91b70973-4eda-4fa0-a5fd-d8646486e106 GET / 304 2.913 ms - - {} - -
UserToken =  a9b74f74-3fec-44e2-898e-b77eb7e3ceff GET /static/js/main.a35baf0d.js 304 0.990 ms - - {} - -
UserToken =  682050ae-4dbe-4445-ad6c-5575d4de3ab4 GET /static/css/main.691b07de.css 304 0.512 ms - - {} - -
UserToken =  c8638e75-32d8-44cf-8ae3-66bd5d964cad GET /manifest.json 304 0.783 ms - - {} - -
UserToken =  834bc2c0-43dc-4219-9337-22111e075c84 GET /logo192.png 304 0.669 ms - - {} - -
UserToken =  6a672dcf-6603-4c55-8ddb-73bfc4cec7a4 GET /api/persons 304 161.287 ms - - {} - -
