UserToken =  4059012e-c903-4239-8fbe-8ef56a7f4fe0 GET /api/ 404 1.370 ms - 143 {} - -
UserToken =  30eb83ae-57ce-44da-b845-36a85a61df3a GET /api/ 404 1.580 ms - 143 {} - -
UserToken =  - GET /api/persons 200 1.606 ms - 223 - - -
UserToken =  - GET /api/persons 200 0.447 ms - 223 - - 62
UserToken =  - POST /api/persons 500 3.310 ms - 1324 - - 62
UserToken =  c0aecbe4-5c7b-4597-bb59-706e38459903 DELETE /api/persons 404 11.550 ms - 153 {"name":"Arto","number":"040-4324234"} - 62
UserToken =  a9676b11-01d6-4342-a5f0-fb2fa78a252d PUT /api/persons 404 0.741 ms - 150 {"name":"Arto","number":"040-4324234"} - 62
UserToken =  - POST /api/persons 500 1.242 ms - 1324 - - 62
UserToken =  - POST /api/persons 500 4.781 ms - 1324 - - 62
UserToken =  - POST /api/persons 500 1.801 ms - 1324 - - 62
UserToken =  - POST /api/persons 500 6.354 ms - 1324 - - 62
UserToken =  - POST /api/persons 500 1.706 ms - 1324 - - 62
UserToken =  - POST /api/persons 200 21.431 ms - 45 {"name":"Arto","number":"040-4324234"} - 62
UserToken =  - POST /api/persons 200 14.886 ms - 45 {"name":"Arto","number":"040-4324234"} - 62
UserToken =  - POST /api/persons 200 14.886 ms - 45 {"name":"Arto","number":"040-4324234"} - 62
UserToken =  fa51fbbe-0a7e-41e7-89ef-2e014bd38cdc DELETE /api/persons 404 1.786 ms - 153 {"name":"Arto","number":"040-4324234"} - 62
UserToken =  fa51fbbe-0a7e-41e7-89ef-2e014bd38cdc DELETE /api/persons 404 1.786 ms - 153 {"name":"Arto","number":"040-4324234"} - 62
UserToken =  - DELETE /api/persons/1 200 0.903 ms - 51 {"name":"Arto","number":"040-4324234"} - 62
UserToken =  - DELETE /api/persons/1 200 0.903 ms - 51 {"name":"Arto","number":"040-4324234"} - 62
UserToken =  - POST /api/persons/ 200 1.961 ms - 45 {"name":"Arto","number":"040-4324234"} - 62
UserToken =  - POST /api/persons/ 200 1.961 ms - 45 {"name":"Arto","number":"040-4324234"} - 62
UserToken =  - POST /api/persons/ 200 18.083 ms - 45 {"name":"Arto","number":"040-4324234"} - 62
UserToken =  - GET /api/persons/ 200 1.175 ms - 223 {"name":"Arto","number":"040-4324234"} - 62
UserToken =  b8c213eb-2b02-4525-bb67-70d38464e32d GET /api/persons/ 200 11.652 ms - 223 {"name":"Arto","number":"040-4324234"} - 62
UserToken =  6e696df4-df06-4388-b168-88b68747a570 GET /api/persons/ 200 12.579 ms - 223 {"name":"Arto","number":"040-4324234"} - 62
